#
# A fatal error has been detected by the Java Runtime Environment:
#
#  SIGSEGV (0xb) at pc=0x0000000108705883, pid=83208, tid=259
#
# JRE version: OpenJDK Runtime Environment (17.0.2+8) (build 17.0.2+8-86)
# Java VM: OpenJDK 64-Bit Server VM (17.0.2+8-86, mixed mode, sharing, tiered, compressed oops, compressed class ptrs, g1 gc, bsd-amd64)
# Problematic frame:
# V  [libjvm.dylib+0x83b883]  _ZN13MethodHandles17expand_MemberNameE6HandleiP10JavaThread+0x293
#
# No core dump will be written. Core dumps have been disabled. To enable core dumping, try "ulimit -c unlimited" before starting Java again
#
# If you would like to submit a bug report, please visit:
#   https://bugreport.java.com/bugreport/crash.jsp
#

---------------  S U M M A R Y ------------

Command Line: -javaagent:/Applications/IntelliJ IDEA CE.app/Contents/lib/idea_rt.jar=57106:/Applications/IntelliJ IDEA CE.app/Contents/bin -Dfile.encoding=UTF-8 --module-path=/Users/daniellawton/.m2/repository/org/openjfx/javafx-controls/17.0.1/javafx-controls-17.0.1-mac.jar:/Users/daniellawton/.m2/repository/org/openjfx/javafx-fxml/17.0.1/javafx-fxml-17.0.1-mac.jar:/Users/daniellawton/.m2/repository/org/openjfx/javafx-graphics/17.0.1/javafx-graphics-17.0.1-mac.jar:/Users/daniellawton/.m2/repository/org/openjfx/javafx-base/17.0.1/javafx-base-17.0.1-mac.jar:/Users/daniellawton/IdeaProjects/BakerySystem/target/classes -Djdk.module.main=com.example.bakerysystem com.example.bakerysystem/com.example.bakerysystem.Main

Host: "MacBookPro14,1" x86_64 2300 MHz, 4 cores, 8G, Darwin 21.6.0, macOS 12.6 (21G115)
Time: Mon Dec 19 13:08:31 2022 GMT elapsed time: 0.558468 seconds (0d 0h 0m 0s)

---------------  T H R E A D  ---------------

Current thread (0x00007fd3a0997200):  JavaThread "JavaFX Application Thread" [_thread_in_vm, id=259, stack(0x00007ff7b89a0000,0x00007ff7b91a0000)]

Stack: [0x00007ff7b89a0000,0x00007ff7b91a0000],  sp=0x00007ff7b919a860,  free space=8170k
Native frames: (J=compiled Java code, j=interpreted, Vv=VM code, C=native code)
V  [libjvm.dylib+0x83b883]  _ZN13MethodHandles17expand_MemberNameE6HandleiP10JavaThread+0x293
V  [libjvm.dylib+0x83cb06]  MHN_expand_Mem+0x166
j  java.lang.invoke.MethodHandleNatives.expand(Ljava/lang/invoke/MemberName;)V+0 java.base@17.0.2
J 373 c1 java.lang.invoke.MemberName.getMethodType()Ljava/lang/invoke/MethodType; java.base@17.0.2 (211 bytes) @ 0x0000000116c9cb0c [0x0000000116c9c900+0x000000000000020c]
j  java.lang.invoke.MemberName.checkForTypeAlias(Ljava/lang/Class;)V+30 java.base@17.0.2
J 533 c1 java.lang.invoke.MemberName$Factory.resolve(BLjava/lang/invoke/MemberName;Ljava/lang/Class;IZ)Ljava/lang/invoke/MemberName; java.base@17.0.2 (159 bytes) @ 0x0000000116ccaff4 [0x0000000116ccad40+0x00000000000002b4]
j  java.lang.invoke.MemberName$Factory.resolveOrFail(BLjava/lang/invoke/MemberName;Ljava/lang/Class;ILjava/lang/Class;)Ljava/lang/invoke/MemberName;+31 java.base@17.0.2
j  java.lang.invoke.DirectMethodHandle.makePreparedLambdaForm(Ljava/lang/invoke/MethodType;I)Ljava/lang/invoke/LambdaForm;+330 java.base@17.0.2
j  java.lang.invoke.DirectMethodHandle.preparedLambdaForm(Ljava/lang/invoke/MethodType;I)Ljava/lang/invoke/LambdaForm;+17 java.base@17.0.2
j  java.lang.invoke.DirectMethodHandle.preparedLambdaForm(Ljava/lang/invoke/MemberName;Z)Ljava/lang/invoke/LambdaForm;+159 java.base@17.0.2
j  java.lang.invoke.DirectMethodHandle.preparedLambdaForm(Ljava/lang/invoke/MemberName;)Ljava/lang/invoke/LambdaForm;+2 java.base@17.0.2
j  java.lang.invoke.DirectMethodHandle.make(BLjava/lang/Class;Ljava/lang/invoke/MemberName;Ljava/lang/Class;)Ljava/lang/invoke/DirectMethodHandle;+163 java.base@17.0.2
j  java.lang.invoke.MethodHandles$Lookup.getDirectMethodCommon(BLjava/lang/Class;Ljava/lang/invoke/MemberName;ZZLjava/lang/invoke/MethodHandles$Lookup;)Ljava/lang/invoke/MethodHandle;+210 java.base@17.0.2
j  java.lang.invoke.MethodHandles$Lookup.getDirectMethodNoSecurityManager(BLjava/lang/Class;Ljava/lang/invoke/MemberName;Ljava/lang/invoke/MethodHandles$Lookup;)Ljava/lang/invoke/MethodHandle;+14 java.base@17.0.2
j  java.lang.invoke.MethodHandles$Lookup.getDirectMethodForConstant(BLjava/lang/Class;Ljava/lang/invoke/MemberName;)Ljava/lang/invoke/MethodHandle;+31 java.base@17.0.2
j  java.lang.invoke.MethodHandles$Lookup.linkMethodHandleConstant(BLjava/lang/Class;Ljava/lang/String;Ljava/lang/Object;)Ljava/lang/invoke/MethodHandle;+153 java.base@17.0.2
j  java.lang.invoke.MethodHandleNatives.linkMethodHandleConstant(Ljava/lang/Class;ILjava/lang/Class;Ljava/lang/String;Ljava/lang/Object;)Ljava/lang/invoke/MethodHandle;+38 java.base@17.0.2
v  ~StubRoutines::call_stub
V  [libjvm.dylib+0x506501]  _ZN9JavaCalls11call_helperEP9JavaValueRK12methodHandleP17JavaCallArgumentsP10JavaThread+0x2a1
V  [libjvm.dylib+0x505bc1]  _ZN9JavaCalls11call_staticEP9JavaValueP5KlassP6SymbolS5_P17JavaCallArgumentsP10JavaThread+0x111
V  [libjvm.dylib+0x9b650f]  _ZN16SystemDictionary27link_method_handle_constantEP5KlassiS1_P6SymbolS3_P10JavaThread+0x3ef
V  [libjvm.dylib+0x341f42]  _ZN12ConstantPool24resolve_constant_at_implERK18constantPoolHandleiiPbP10JavaThread+0x912
V  [libjvm.dylib+0x3423a8]  _ZN12ConstantPool32copy_bootstrap_arguments_at_implERK18constantPoolHandleiii14objArrayHandleib6HandleP10JavaThread+0x1b8
V  [libjvm.dylib+0x1c8796]  _ZN13BootstrapInfo12resolve_argsEP10JavaThread+0x486
V  [libjvm.dylib+0x1c826c]  _ZN13BootstrapInfo11resolve_bsmEP10JavaThread+0x26c
V  [libjvm.dylib+0x9b65bd]  _ZN16SystemDictionary23invoke_bootstrap_methodER13BootstrapInfoP10JavaThread+0x2d
V  [libjvm.dylib+0x71947e]  _ZN12LinkResolver20resolve_dynamic_callER8CallInfoR13BootstrapInfoP10JavaThread+0x1e
V  [libjvm.dylib+0x718e80]  _ZN12LinkResolver21resolve_invokedynamicER8CallInfoRK18constantPoolHandleiP10JavaThread+0x80
V  [libjvm.dylib+0x4fffa4]  _ZN18InterpreterRuntime21resolve_invokedynamicEP10JavaThread+0x174
V  [libjvm.dylib+0x500087]  _ZN18InterpreterRuntime18resolve_from_cacheEP10JavaThreadN9Bytecodes4CodeE+0x77
j  com.sun.javafx.tk.quantum.QuantumRenderer.createResourceFactory()V+16 javafx.graphics
j  com.sun.javafx.tk.quantum.QuantumToolkit.runToolkit()V+40 javafx.graphics
j  com.sun.javafx.tk.quantum.QuantumToolkit.lambda$startup$10()V+1 javafx.graphics
j  com.sun.javafx.tk.quantum.QuantumToolkit$$Lambda$72+0x0000000800c2a5e8.run()V+4 javafx.graphics
j  com.sun.glass.ui.Application.lambda$run$1(Ljava/lang/Runnable;)V+4 javafx.graphics
j  com.sun.glass.ui.Application$$Lambda$77+0x0000000800c2c400.run()V+4 javafx.graphics
j  com.sun.glass.ui.mac.MacApplication.lambda$runLoop$3(Ljava/lang/Runnable;)V+12 javafx.graphics
j  com.sun.glass.ui.mac.MacApplication$$Lambda$78+0x0000000800c30000.run()V+8 javafx.graphics
v  ~StubRoutines::call_stub
V  [libjvm.dylib+0x506501]  _ZN9JavaCalls11call_helperEP9JavaValueRK12methodHandleP17JavaCallArgumentsP10JavaThread+0x2a1
V  [libjvm.dylib+0x55fe96]  _ZL20jni_invoke_nonstaticP7JNIEnv_P9JavaValueP8_jobject11JNICallTypeP10_jmethodIDP18JNI_ArgumentPusherP10JavaThread+0x2d6
V  [libjvm.dylib+0x564376]  jni_CallVoidMethod+0x1a6
C  [libglass.dylib+0x8582]  -[GlassApplication applicationWillFinishLaunching:]+0x192
C  [CoreFoundation+0x7575c]  __CFNOTIFICATIONCENTER_IS_CALLING_OUT_TO_AN_OBSERVER__+0xc
C  [CoreFoundation+0x112b32]  ___CFXRegistrationPost_block_invoke+0x31
C  [CoreFoundation+0x112ab0]  _CFXRegistrationPost+0x1f0
C  [CoreFoundation+0x473e8]  _CFXNotificationPost+0x2df
C  [Foundation+0x97fe]  -[NSNotificationCenter postNotificationName:object:userInfo:]+0x52
C  [AppKit+0x2ffbf]  -[NSApplication finishLaunching]+0x147
C  [AppKit+0x2fbc9]  -[NSApplication run]+0xfa
C  [libglass.dylib+0xa2a5]  -[GlassApplication runLoop:]+0x795
C  [Foundation+0x81527]  __NSThreadPerformPerform+0xb3
C  [CoreFoundation+0x8017b]  __CFRUNLOOP_IS_CALLING_OUT_TO_A_SOURCE0_PERFORM_FUNCTION__+0x11
C  [CoreFoundation+0x800e3]  __CFRunLoopDoSource0+0xb4
C  [CoreFoundation+0x7fe5d]  __CFRunLoopDoSources0+0xf2
C  [CoreFoundation+0x7e878]  __CFRunLoopRun+0x37c
C  [CoreFoundation+0x7de3c]  CFRunLoopRunSpecific+0x232
C  [libjli.dylib+0x70b2]  CreateExecutionEnvironment+0x182
C  [libjli.dylib+0x2c15]  JLI_Launch+0x585
C  [java+0x3c11]  main+0x191
C  0x000000010ee6852e

Java frames: (J=compiled Java code, j=interpreted, Vv=VM code)
j  java.lang.invoke.MethodHandleNatives.expand(Ljava/lang/invoke/MemberName;)V+0 java.base@17.0.2
J 373 c1 java.lang.invoke.MemberName.getMethodType()Ljava/lang/invoke/MethodType; java.base@17.0.2 (211 bytes) @ 0x0000000116c9cb0c [0x0000000116c9c900+0x000000000000020c]
j  java.lang.invoke.MemberName.checkForTypeAlias(Ljava/lang/Class;)V+30 java.base@17.0.2
J 533 c1 java.lang.invoke.MemberName$Factory.resolve(BLjava/lang/invoke/MemberName;Ljava/lang/Class;IZ)Ljava/lang/invoke/MemberName; java.base@17.0.2 (159 bytes) @ 0x0000000116ccaff4 [0x0000000116ccad40+0x00000000000002b4]
j  java.lang.invoke.MemberName$Factory.resolveOrFail(BLjava/lang/invoke/MemberName;Ljava/lang/Class;ILjava/lang/Class;)Ljava/lang/invoke/MemberName;+31 java.base@17.0.2
j  java.lang.invoke.DirectMethodHandle.makePreparedLambdaForm(Ljava/lang/invoke/MethodType;I)Ljava/lang/invoke/LambdaForm;+330 java.base@17.0.2
j  java.lang.invoke.DirectMethodHandle.preparedLambdaForm(Ljava/lang/invoke/MethodType;I)Ljava/lang/invoke/LambdaForm;+17 java.base@17.0.2
j  java.lang.invoke.DirectMethodHandle.preparedLambdaForm(Ljava/lang/invoke/MemberName;Z)Ljava/lang/invoke/LambdaForm;+159 java.base@17.0.2
j  java.lang.invoke.DirectMethodHandle.preparedLambdaForm(Ljava/lang/invoke/MemberName;)Ljava/lang/invoke/LambdaForm;+2 java.base@17.0.2
j  java.lang.invoke.DirectMethodHandle.make(BLjava/lang/Class;Ljava/lang/invoke/MemberName;Ljava/lang/Class;)Ljava/lang/invoke/DirectMethodHandle;+163 java.base@17.0.2
j  java.lang.invoke.MethodHandles$Lookup.getDirectMethodCommon(BLjava/lang/Class;Ljava/lang/invoke/MemberName;ZZLjava/lang/invoke/MethodHandles$Lookup;)Ljava/lang/invoke/MethodHandle;+210 java.base@17.0.2
j  java.lang.invoke.MethodHandles$Lookup.getDirectMethodNoSecurityManager(BLjava/lang/Class;Ljava/lang/invoke/MemberName;Ljava/lang/invoke/MethodHandles$Lookup;)Ljava/lang/invoke/MethodHandle;+14 java.base@17.0.2
j  java.lang.invoke.MethodHandles$Lookup.getDirectMethodForConstant(BLjava/lang/Class;Ljava/lang/invoke/MemberName;)Ljava/lang/invoke/MethodHandle;+31 java.base@17.0.2
j  java.lang.invoke.MethodHandles$Lookup.linkMethodHandleConstant(BLjava/lang/Class;Ljava/lang/String;Ljava/lang/Object;)Ljava/lang/invoke/MethodHandle;+153 java.base@17.0.2
j  java.lang.invoke.MethodHandleNatives.linkMethodHandleConstant(Ljava/lang/Class;ILjava/lang/Class;Ljava/lang/String;Ljava/lang/Object;)Ljava/lang/invoke/MethodHandle;+38 java.base@17.0.2
v  ~StubRoutines::call_stub
j  com.sun.javafx.tk.quantum.QuantumRenderer.createResourceFactory()V+16 javafx.graphics
j  com.sun.javafx.tk.quantum.QuantumToolkit.runToolkit()V+40 javafx.graphics
j  com.sun.javafx.tk.quantum.QuantumToolkit.lambda$startup$10()V+1 javafx.graphics
j  com.sun.javafx.tk.quantum.QuantumToolkit$$Lambda$72+0x0000000800c2a5e8.run()V+4 javafx.graphics
j  com.sun.glass.ui.Application.lambda$run$1(Ljava/lang/Runnable;)V+4 javafx.graphics
j  com.sun.glass.ui.Application$$Lambda$77+0x0000000800c2c400.run()V+4 javafx.graphics
j  com.sun.glass.ui.mac.MacApplication.lambda$runLoop$3(Ljava/lang/Runnable;)V+12 javafx.graphics
j  com.sun.glass.ui.mac.MacApplication$$Lambda$78+0x0000000800c30000.run()V+8 javafx.graphics
v  ~StubRoutines::call_stub

siginfo: si_signo: 11 (SIGSEGV), si_code: 1 (SEGV_MAPERR), si_addr: 0x0000000000000006

Register to memory mapping:

RAX=0xfffffffffffffffe is an unknown value
RBX=0x00006000009a27e0 points into unknown readable memory: 0x0000001e00000009 | 09 00 00 00 1e 00 00 00
RCX=0x0000000000000008 is an unknown value
RDX=4041877554 is a compressed pointer to object: java.lang.invoke.ResolvedMethodName 
{0x0000000787514190} - klass: 'java/lang/invoke/ResolvedMethodName'
 - ---- fields (total size 3 words):
RSP=0x00007ff7b919a860 is pointing into the stack for thread: 0x00007fd3a0997200
RBP=0x00007ff7b919a8c0 is pointing into the stack for thread: 0x00007fd3a0997200
RSI=0x0000000000000008 is an unknown value
RDI=0x0000000787514190 is an oop: java.lang.invoke.ResolvedMethodName 
{0x0000000787514190} - klass: 'java/lang/invoke/ResolvedMethodName'
 - ---- fields (total size 3 words):
R8 =0x000000000013cc1d is an unknown value
R9 =0xffffffff00000000 is an unknown value
R10=0x000000011669750b is at code_begin+843 in an Interpreter codelet
method entry point (kind = native)  [0x00000001166971c0, 0x0000000116697a20]  2144 bytes
R11=0x00000007ffe06050 is an oop: java.lang.Class 
{0x00000007ffe06050} - klass: 'java/lang/Class'
 - ---- fields (total size 15 words):
 - private volatile transient 'classRedefinedCount' 'I' @12  0
 - private volatile transient 'cachedConstructor' 'Ljava/lang/reflect/Constructor;' @40  NULL (0)
 - private transient 'name' 'Ljava/lang/String;' @44  NULL (0)
 - private transient 'module' 'Ljava/lang/Module;' @48  a 'java/lang/Module'{0x0000000787f336c0} (f0fe66d8)
 - private final 'classLoader' 'Ljava/lang/ClassLoader;' @52  NULL (0)
 - private transient 'classData' 'Ljava/lang/Object;' @56  NULL (0)
 - private transient 'packageName' 'Ljava/lang/String;' @60  NULL (0)
 - private final 'componentType' 'Ljava/lang/Class;' @64  NULL (0)
 - private volatile transient 'reflectionData' 'Ljava/lang/ref/SoftReference;' @68  NULL (0)
 - private volatile transient 'genericInfo' 'Lsun/reflect/generics/repository/ClassRepository;' @72  NULL (0)
 - private volatile transient 'enumConstants' '[Ljava/lang/Object;' @76  NULL (0)
 - private volatile transient 'enumConstantDirectory' 'Ljava/util/Map;' @80  NULL (0)
 - private volatile transient 'annotationData' 'Ljava/lang/Class$AnnotationData;' @84  NULL (0)
 - private volatile transient 'annotationType' 'Lsun/reflect/annotation/AnnotationType;' @88  NULL (0)
 - transient 'classValueMap' 'Ljava/lang/ClassValue$ClassValueMap;' @92  NULL (0)
 - signature: Ljava/lang/invoke/MethodHandleNatives;
 - fake entry for mirror: 'java/lang/invoke/MethodHandleNatives'
 - fake entry for array: NULL
 - fake entry for oop_size: 15
 - fake entry for static_oop_field_count: 1
 - private static final 'JLA' 'Ljdk/internal/access/JavaLangAccess;' @112  a 'java/lang/System$2'{0x0000000787f03130} (f0fe0626)
 - static final synthetic '$assertionsDisabled' 'Z' @116  true
R12=0x00007fd3a0997200 is a thread
R13=0x00006000036991c0 points into unknown readable memory: 0x0000000787514190 | 90 41 51 87 07 00 00 00
R14=0xfffffffffffffffe is an unknown value
R15=0x00000007ffe05b01 is pointing into object: [Ljava.lang.Object; 
{0x00000007ffe05a90} - klass: 'java/lang/Object'[]
 - length: 27


Registers:
RAX=0xfffffffffffffffe, RBX=0x00006000009a27e0, RCX=0x0000000000000008, RDX=0x00000000f0ea2832
RSP=0x00007ff7b919a860, RBP=0x00007ff7b919a8c0, RSI=0x0000000000000008, RDI=0x0000000787514190
R8 =0x000000000013cc1d, R9 =0xffffffff00000000, R10=0x000000011669750b, R11=0x00000007ffe06050
R12=0x00007fd3a0997200, R13=0x00006000036991c0, R14=0xfffffffffffffffe, R15=0x00000007ffe05b01
RIP=0x0000000108705883, EFLAGS=0x0000000000010246, ERR=0x0000000000000004
  TRAPNO=0x000000000000000e

Top of Stack: (sp=0x00007ff7b919a860)
0x00007ff7b919a860:   00006000036991c0 0000000000000000
0x00007ff7b919a870:   00007fd3a0997200 fffffffffffffffe
0x00007ff7b919a880:   00007fd3a0997200 00000008006cf2b8
0x00007ff7b919a890:   00000007ffe05b00 00000008000dcdb0
0x00007ff7b919a8a0:   00007fd3a0997200 00000008006cf2b8
0x00007ff7b919a8b0:   0000000787514190 0000600001c83b00
0x00007ff7b919a8c0:   00007ff7b919a8f0 0000000108706b06
0x00007ff7b919a8d0:   00000008000dcdb0 0000000000000000
0x00007ff7b919a8e0:   00007ff7b919a978 00007fd3a0997200
0x00007ff7b919a8f0:   00007ff7b919a958 000000011669753a
0x00007ff7b919a900:   0000000116c9c920 0000000116697276
0x00007ff7b919a910:   00007ff7b919a910 00000008006cf2b8
0x00007ff7b919a920:   00007ff7b919a978 00000008000db108
0x00007ff7b919a930:   0000000000000000 00000007ffe06050
0x00007ff7b919a940:   00000008000dcdb0 0000000000000000
0x00007ff7b919a950:   00007ff7b919a980 00007ff7b919aaa0
0x00007ff7b919a960:   0000000116c9cb0c 00000007ffe06050
0x00007ff7b919a970:   0000000116694f78 0000000787514190
0x00007ff7b919a980:   000000010d1bb238 00007fd3a0997200
0x00007ff7b919a990:   fffffffe00000000 0000000000000000
0x00007ff7b919a9a0:   00007ff7b919a9c0 00000001088c5a43
0x00007ff7b919a9b0:   00007ff7b919a9c0 00000001088c5b05
0x00007ff7b919a9c0:   00007ff7b919aa10 0000000108024135
0x00007ff7b919a9d0:   0000000000000000 0000000108000000
0x00007ff7b919a9e0:   00007fd3a31d0020 00000008000c2288
0x00007ff7b919a9f0:   00006000036990e0 0000000787514190
0x00007ff7b919aa00:   00006000036990e0 00007fd3a0997200
0x00007ff7b919aa10:   00007ff7b919aa30 00000001080241d8
0x00007ff7b919aa20:   00007ff7b919b280 00007fd3a1019e40
0x00007ff7b919aa30:   00007ff7b919aaa0 000000011669323e
0x00007ff7b919aa40:   000000011669323e 0000000787514190
0x00007ff7b919aa50:   0000000787514190 00007ff7b919aa58 

Instructions: (pc=0x0000000108705883)
0x0000000108705783:   00 00 00 ff 15 84 2b 42 00 48 89 c6 e9 d9 00 00
0x0000000108705793:   00 48 8b 45 a0 48 85 c0 88 4d d0 45 89 f4 74 72
0x00000001087057a3:   49 89 c7 48 8b 38 e8 a2 37 cd ff 48 85 c0 74 71
0x00000001087057b3:   48 8d 0d a6 40 46 00 8b 31 48 89 c7 e8 4c b5 03
0x00000001087057c3:   00 49 89 c6 4d 85 ff 0f 84 ea 00 00 00 4d 89 fd
0x00000001087057d3:   49 8b 3f e9 e4 00 00 00 31 ff e8 ce 33 cd ff 48
0x00000001087057e3:   85 c0 4c 8b 65 b0 0f 85 30 ff ff ff 48 8d 05 fa
0x00000001087057f3:   8b 47 00 48 8b 88 38 04 00 00 48 8d 35 89 4a 2f
0x0000000108705803:   00 4c 8d 05 61 4c 2f 00 4c 89 e7 ba 70 03 00 00
0x0000000108705813:   eb 34 49 89 c7 31 ff e8 31 37 cd ff 48 85 c0 75
0x0000000108705823:   8f 48 8d 05 c5 8b 47 00 48 8b 88 38 04 00 00 48
0x0000000108705833:   8d 35 54 4a 2f 00 4c 8d 05 3e 4c 2f 00 48 8b 7d
0x0000000108705843:   b0 ba 87 03 00 00 48 83 c4 38 5b 41 5c 41 5d 41
0x0000000108705853:   5e 41 5f 5d e9 e4 5f ba ff 31 db 48 8b 78 70 48
0x0000000108705863:   85 ff 0f 85 1b ff ff ff 31 f6 48 89 df e8 cb 5d
0x0000000108705873:   cd ff 80 7d a8 00 0f 85 2c 01 00 00 48 8b 45 b8
0x0000000108705883:   48 8b 40 08 48 8b 48 08 0f b7 40 22 48 8b 7c c1
0x0000000108705893:   48 4c 89 e6 e8 f4 6d 11 00 49 83 7c 24 08 00 0f
0x00000001087058a3:   85 4c 01 00 00 4d 85 ed 0f 84 f0 00 00 00 49 8b
0x00000001087058b3:   7d 00 e9 e9 00 00 00 4d 89 fd 31 ff e8 8c 5e cd
0x00000001087058c3:   ff 83 e3 08 c1 eb 03 c7 45 b8 00 00 00 00 4c 8d
0x00000001087058d3:   7d c0 48 c7 45 c0 00 00 00 00 48 c7 45 c8 00 00
0x00000001087058e3:   00 00 48 8d 4d b8 4c 89 f7 89 c6 89 da e8 1b 9c
0x00000001087058f3:   ca ff 84 c0 74 74 45 84 e4 4c 8b 75 b0 0f 85 10
0x0000000108705903:   01 00 00 48 8b 45 c0 48 8b 48 18 48 63 55 bc 48
0x0000000108705913:   8b 89 c8 01 00 00 48 8d 14 52 0f b7 74 91 06 0f
0x0000000108705923:   b7 4c 91 04 48 8d 14 f5 00 00 00 00 48 03 15 02
0x0000000108705933:   08 36 00 f7 c1 00 04 00 00 48 8d 44 f0 48 48 0f
0x0000000108705943:   45 c2 48 8b 38 4c 89 f6 e8 40 6d 11 00 49 83 7e
0x0000000108705953:   08 00 0f 85 59 02 00 00 4d 85 ed 0f 84 a8 00 00
0x0000000108705963:   00 49 8b 7d 00 e9 a1 00 00 00 4c 89 ff e8 3b a6
0x0000000108705973:   c6 ff 48 8d 05 74 8a 47 00 48 8b 88 28 05 00 00 


Stack slot to memory mapping:
stack at sp + 0 slots: 0x00006000036991c0 points into unknown readable memory: 0x0000000787514190 | 90 41 51 87 07 00 00 00
stack at sp + 1 slots: 0x0 is NULL
stack at sp + 2 slots: 0x00007fd3a0997200 is a thread
stack at sp + 3 slots: 0xfffffffffffffffe is an unknown value
stack at sp + 4 slots: 0x00007fd3a0997200 is a thread
stack at sp + 5 slots: 0x00000008006cf2b8 is pointing into metadata
stack at sp + 6 slots: 0x00000007ffe05b00 is pointing into object: [Ljava.lang.Object; 
{0x00000007ffe05a90} - klass: 'java/lang/Object'[]
 - length: 27
stack at sp + 7 slots: {method} {0x00000008000dcdb0} 'expand' '(Ljava/lang/invoke/MemberName;)V' in 'java/lang/invoke/MethodHandleNatives'


---------------  P R O C E S S  ---------------

Threads class SMR info:
_java_thread_list=0x00006000009df3e0, length=15, elements={
0x00007fd3a1809000, 0x00007fd3a2014200, 0x00007fd3a080ec00, 0x00007fd3a18aae00,
0x00007fd3a18af400, 0x00007fd3a18afa00, 0x00007fd3a18b0000, 0x00007fd3a2012a00,
0x00007fd3a18b0600, 0x00007fd3a2015200, 0x00007fd3a0813000, 0x00007fd3a0815e00,
0x00007fd3a0813600, 0x00007fd3a0993a00, 0x00007fd3a0997200
}

Java Threads: ( => current thread )
  0x00007fd3a1809000 JavaThread "main" [_thread_blocked, id=6403, stack(0x00007000046bf000,0x00007000047bf000)]
  0x00007fd3a2014200 JavaThread "Reference Handler" daemon [_thread_blocked, id=15875, stack(0x0000700004dd4000,0x0000700004ed4000)]
  0x00007fd3a080ec00 JavaThread "Finalizer" daemon [_thread_blocked, id=16899, stack(0x0000700004ed7000,0x0000700004fd7000)]
  0x00007fd3a18aae00 JavaThread "Signal Dispatcher" daemon [_thread_blocked, id=43011, stack(0x00007000050e0000,0x00007000051e0000)]
  0x00007fd3a18af400 JavaThread "Service Thread" daemon [_thread_blocked, id=23555, stack(0x00007000051e3000,0x00007000052e3000)]
  0x00007fd3a18afa00 JavaThread "Monitor Deflation Thread" daemon [_thread_blocked, id=42243, stack(0x00007000052e6000,0x00007000053e6000)]
  0x00007fd3a18b0000 JavaThread "C2 CompilerThread0" daemon [_thread_blocked, id=41987, stack(0x00007000053e9000,0x00007000054e9000)]
  0x00007fd3a2012a00 JavaThread "C1 CompilerThread0" daemon [_thread_blocked, id=41475, stack(0x00007000054ec000,0x00007000055ec000)]
  0x00007fd3a18b0600 JavaThread "Sweeper thread" daemon [_thread_blocked, id=40963, stack(0x00007000055ef000,0x00007000056ef000)]
  0x00007fd3a2015200 JavaThread "Common-Cleaner" daemon [_thread_blocked, id=24067, stack(0x00007000056f2000,0x00007000057f2000)]
  0x00007fd3a0813000 JavaThread "Monitor Ctrl-Break" daemon [_thread_in_native, id=24579, stack(0x00007000057f5000,0x00007000058f5000)]
  0x00007fd3a0815e00 JavaThread "Notification Thread" daemon [_thread_blocked, id=24835, stack(0x00007000058f8000,0x00007000059f8000)]
  0x00007fd3a0813600 JavaThread "QuantumRenderer-0" daemon [_thread_blocked, id=25347, stack(0x0000700005afe000,0x0000700005bfe000)]
  0x00007fd3a0993a00 JavaThread "InvokeLaterDispatcher" daemon [_thread_blocked, id=29191, stack(0x0000700005c01000,0x0000700005d01000)]
=>0x00007fd3a0997200 JavaThread "JavaFX Application Thread" [_thread_in_vm, id=259, stack(0x00007ff7b89a0000,0x00007ff7b91a0000)]

Other Threads:
  0x00007fd3a1204d80 VMThread "VM Thread" [stack: 0x0000700004cd1000,0x0000700004dd1000] [id=15107]
  0x00007fd3a0709c60 WatcherThread [stack: 0x00007000059fb000,0x0000700005afb000] [id=40195]
  0x00007fd3a1006c20 GCTaskThread "GC Thread#0" [stack: 0x00007000047c2000,0x00007000048c2000] [id=20227]
  0x00007fd3a10072c0 ConcurrentGCThread "G1 Main Marker" [stack: 0x00007000048c5000,0x00007000049c5000] [id=19715]
  0x00007fd3a1007b40 ConcurrentGCThread "G1 Conc#0" [stack: 0x00007000049c8000,0x0000700004ac8000] [id=13059]
  0x00007fd3a10093a0 ConcurrentGCThread "G1 Refine#0" [stack: 0x0000700004acb000,0x0000700004bcb000] [id=13571]
  0x00007fd3a1009c30 ConcurrentGCThread "G1 Service" [stack: 0x0000700004bce000,0x0000700004cce000] [id=14083]

Threads with active compile tasks:

VM state: not at safepoint (normal execution)

VM Mutex/Monitor currently owned by a thread: None

Heap address: 0x0000000780000000, size: 2048 MB, Compressed Oops mode: Zero based, Oop shift amount: 3

CDS archive(s) mapped at: [0x0000000800000000-0x0000000800bd4000-0x0000000800bd4000), size 12402688, SharedBaseAddress: 0x0000000800000000, ArchiveRelocationMode: 0.
Compressed class space mapped at: 0x0000000800c00000-0x0000000840c00000, reserved size: 1073741824
Narrow klass base: 0x0000000800000000, Narrow klass shift: 0, Narrow klass range: 0x100000000

GC Precious Log:
 CPUs: 4 total, 4 available
 Memory: 8192M
 Large Page Support: Disabled
 NUMA Support: Disabled
 Compressed Oops: Enabled (Zero based)
 Heap Region Size: 1M
 Heap Min Capacity: 8M
 Heap Initial Capacity: 128M
 Heap Max Capacity: 2G
 Pre-touch: Disabled
 Parallel Workers: 4
 Concurrent Workers: 1
 Concurrent Refinement Workers: 4
 Periodic GC: Disabled

Heap:
 garbage-first heap   total 133120K, used 11220K [0x0000000780000000, 0x0000000800000000)
  region size 1024K, 11 young (11264K), 0 survivors (0K)
 Metaspace       used 3274K, committed 3456K, reserved 1056768K
  class space    used 368K, committed 448K, reserved 1048576K

Heap Regions: E=young(eden), S=young(survivor), O=old, HS=humongous(starts), HC=humongous(continues), CS=collection set, F=free, OA=open archive, CA=closed archive, TAMS=top-at-mark-start (previous, next)
|   0|0x0000000780000000, 0x0000000780000000, 0x0000000780100000|  0%| F|  |TAMS 0x0000000780000000, 0x0000000780000000| Untracked 
|   1|0x0000000780100000, 0x0000000780100000, 0x0000000780200000|  0%| F|  |TAMS 0x0000000780100000, 0x0000000780100000| Untracked 
|   2|0x0000000780200000, 0x0000000780200000, 0x0000000780300000|  0%| F|  |TAMS 0x0000000780200000, 0x0000000780200000| Untracked 
|   3|0x0000000780300000, 0x0000000780300000, 0x0000000780400000|  0%| F|  |TAMS 0x0000000780300000, 0x0000000780300000| Untracked 
|   4|0x0000000780400000, 0x0000000780400000, 0x0000000780500000|  0%| F|  |TAMS 0x0000000780400000, 0x0000000780400000| Untracked 
|   5|0x0000000780500000, 0x0000000780500000, 0x0000000780600000|  0%| F|  |TAMS 0x0000000780500000, 0x0000000780500000| Untracked 
|   6|0x0000000780600000, 0x0000000780600000, 0x0000000780700000|  0%| F|  |TAMS 0x0000000780600000, 0x0000000780600000| Untracked 
|   7|0x0000000780700000, 0x0000000780700000, 0x0000000780800000|  0%| F|  |TAMS 0x0000000780700000, 0x0000000780700000| Untracked 
|   8|0x0000000780800000, 0x0000000780800000, 0x0000000780900000|  0%| F|  |TAMS 0x0000000780800000, 0x0000000780800000| Untracked 
|   9|0x0000000780900000, 0x0000000780900000, 0x0000000780a00000|  0%| F|  |TAMS 0x0000000780900000, 0x0000000780900000| Untracked 
|  10|0x0000000780a00000, 0x0000000780a00000, 0x0000000780b00000|  0%| F|  |TAMS 0x0000000780a00000, 0x0000000780a00000| Untracked 
|  11|0x0000000780b00000, 0x0000000780b00000, 0x0000000780c00000|  0%| F|  |TAMS 0x0000000780b00000, 0x0000000780b00000| Untracked 
|  12|0x0000000780c00000, 0x0000000780c00000, 0x0000000780d00000|  0%| F|  |TAMS 0x0000000780c00000, 0x0000000780c00000| Untracked 
|  13|0x0000000780d00000, 0x0000000780d00000, 0x0000000780e00000|  0%| F|  |TAMS 0x0000000780d00000, 0x0000000780d00000| Untracked 
|  14|0x0000000780e00000, 0x0000000780e00000, 0x0000000780f00000|  0%| F|  |TAMS 0x0000000780e00000, 0x0000000780e00000| Untracked 
|  15|0x0000000780f00000, 0x0000000780f00000, 0x0000000781000000|  0%| F|  |TAMS 0x0000000780f00000, 0x0000000780f00000| Untracked 
|  16|0x0000000781000000, 0x0000000781000000, 0x0000000781100000|  0%| F|  |TAMS 0x0000000781000000, 0x0000000781000000| Untracked 
|  17|0x0000000781100000, 0x0000000781100000, 0x0000000781200000|  0%| F|  |TAMS 0x0000000781100000, 0x0000000781100000| Untracked 
|  18|0x0000000781200000, 0x0000000781200000, 0x0000000781300000|  0%| F|  |TAMS 0x0000000781200000, 0x0000000781200000| Untracked 
|  19|0x0000000781300000, 0x0000000781300000, 0x0000000781400000|  0%| F|  |TAMS 0x0000000781300000, 0x0000000781300000| Untracked 
|  20|0x0000000781400000, 0x0000000781400000, 0x0000000781500000|  0%| F|  |TAMS 0x0000000781400000, 0x0000000781400000| Untracked 
|  21|0x0000000781500000, 0x0000000781500000, 0x0000000781600000|  0%| F|  |TAMS 0x0000000781500000, 0x0000000781500000| Untracked 
|  22|0x0000000781600000, 0x0000000781600000, 0x0000000781700000|  0%| F|  |TAMS 0x0000000781600000, 0x0000000781600000| Untracked 
|  23|0x0000000781700000, 0x0000000781700000, 0x0000000781800000|  0%| F|  |TAMS 0x0000000781700000, 0x0000000781700000| Untracked 
|  24|0x0000000781800000, 0x0000000781800000, 0x0000000781900000|  0%| F|  |TAMS 0x0000000781800000, 0x0000000781800000| Untracked 
|  25|0x0000000781900000, 0x0000000781900000, 0x0000000781a00000|  0%| F|  |TAMS 0x0000000781900000, 0x0000000781900000| Untracked 
|  26|0x0000000781a00000, 0x0000000781a00000, 0x0000000781b00000|  0%| F|  |TAMS 0x0000000781a00000, 0x0000000781a00000| Untracked 
|  27|0x0000000781b00000, 0x0000000781b00000, 0x0000000781c00000|  0%| F|  |TAMS 0x0000000781b00000, 0x0000000781b00000| Untracked 
|  28|0x0000000781c00000, 0x0000000781c00000, 0x0000000781d00000|  0%| F|  |TAMS 0x0000000781c00000, 0x0000000781c00000| Untracked 
|  29|0x0000000781d00000, 0x0000000781d00000, 0x0000000781e00000|  0%| F|  |TAMS 0x0000000781d00000, 0x0000000781d00000| Untracked 
|  30|0x0000000781e00000, 0x0000000781e00000, 0x0000000781f00000|  0%| F|  |TAMS 0x0000000781e00000, 0x0000000781e00000| Untracked 
|  31|0x0000000781f00000, 0x0000000781f00000, 0x0000000782000000|  0%| F|  |TAMS 0x0000000781f00000, 0x0000000781f00000| Untracked 
|  32|0x0000000782000000, 0x0000000782000000, 0x0000000782100000|  0%| F|  |TAMS 0x0000000782000000, 0x0000000782000000| Untracked 
|  33|0x0000000782100000, 0x0000000782100000, 0x0000000782200000|  0%| F|  |TAMS 0x0000000782100000, 0x0000000782100000| Untracked 
|  34|0x0000000782200000, 0x0000000782200000, 0x0000000782300000|  0%| F|  |TAMS 0x0000000782200000, 0x0000000782200000| Untracked 
|  35|0x0000000782300000, 0x0000000782300000, 0x0000000782400000|  0%| F|  |TAMS 0x0000000782300000, 0x0000000782300000| Untracked 
|  36|0x0000000782400000, 0x0000000782400000, 0x0000000782500000|  0%| F|  |TAMS 0x0000000782400000, 0x0000000782400000| Untracked 
|  37|0x0000000782500000, 0x0000000782500000, 0x0000000782600000|  0%| F|  |TAMS 0x0000000782500000, 0x0000000782500000| Untracked 
|  38|0x0000000782600000, 0x0000000782600000, 0x0000000782700000|  0%| F|  |TAMS 0x0000000782600000, 0x0000000782600000| Untracked 
|  39|0x0000000782700000, 0x0000000782700000, 0x0000000782800000|  0%| F|  |TAMS 0x0000000782700000, 0x0000000782700000| Untracked 
|  40|0x0000000782800000, 0x0000000782800000, 0x0000000782900000|  0%| F|  |TAMS 0x0000000782800000, 0x0000000782800000| Untracked 
|  41|0x0000000782900000, 0x0000000782900000, 0x0000000782a00000|  0%| F|  |TAMS 0x0000000782900000, 0x0000000782900000| Untracked 
|  42|0x0000000782a00000, 0x0000000782a00000, 0x0000000782b00000|  0%| F|  |TAMS 0x0000000782a00000, 0x0000000782a00000| Untracked 
|  43|0x0000000782b00000, 0x0000000782b00000, 0x0000000782c00000|  0%| F|  |TAMS 0x0000000782b00000, 0x0000000782b00000| Untracked 
|  44|0x0000000782c00000, 0x0000000782c00000, 0x0000000782d00000|  0%| F|  |TAMS 0x0000000782c00000, 0x0000000782c00000| Untracked 
|  45|0x0000000782d00000, 0x0000000782d00000, 0x0000000782e00000|  0%| F|  |TAMS 0x0000000782d00000, 0x0000000782d00000| Untracked 
|  46|0x0000000782e00000, 0x0000000782e00000, 0x0000000782f00000|  0%| F|  |TAMS 0x0000000782e00000, 0x0000000782e00000| Untracked 
|  47|0x0000000782f00000, 0x0000000782f00000, 0x0000000783000000|  0%| F|  |TAMS 0x0000000782f00000, 0x0000000782f00000| Untracked 
|  48|0x0000000783000000, 0x0000000783000000, 0x0000000783100000|  0%| F|  |TAMS 0x0000000783000000, 0x0000000783000000| Untracked 
|  49|0x0000000783100000, 0x0000000783100000, 0x0000000783200000|  0%| F|  |TAMS 0x0000000783100000, 0x0000000783100000| Untracked 
|  50|0x0000000783200000, 0x0000000783200000, 0x0000000783300000|  0%| F|  |TAMS 0x0000000783200000, 0x0000000783200000| Untracked 
|  51|0x0000000783300000, 0x0000000783300000, 0x0000000783400000|  0%| F|  |TAMS 0x0000000783300000, 0x0000000783300000| Untracked 
|  52|0x0000000783400000, 0x0000000783400000, 0x0000000783500000|  0%| F|  |TAMS 0x0000000783400000, 0x0000000783400000| Untracked 
|  53|0x0000000783500000, 0x0000000783500000, 0x0000000783600000|  0%| F|  |TAMS 0x0000000783500000, 0x0000000783500000| Untracked 
|  54|0x0000000783600000, 0x0000000783600000, 0x0000000783700000|  0%| F|  |TAMS 0x0000000783600000, 0x0000000783600000| Untracked 
|  55|0x0000000783700000, 0x0000000783700000, 0x0000000783800000|  0%| F|  |TAMS 0x0000000783700000, 0x0000000783700000| Untracked 
|  56|0x0000000783800000, 0x0000000783800000, 0x0000000783900000|  0%| F|  |TAMS 0x0000000783800000, 0x0000000783800000| Untracked 
|  57|0x0000000783900000, 0x0000000783900000, 0x0000000783a00000|  0%| F|  |TAMS 0x0000000783900000, 0x0000000783900000| Untracked 
|  58|0x0000000783a00000, 0x0000000783a00000, 0x0000000783b00000|  0%| F|  |TAMS 0x0000000783a00000, 0x0000000783a00000| Untracked 
|  59|0x0000000783b00000, 0x0000000783b00000, 0x0000000783c00000|  0%| F|  |TAMS 0x0000000783b00000, 0x0000000783b00000| Untracked 
|  60|0x0000000783c00000, 0x0000000783c00000, 0x0000000783d00000|  0%| F|  |TAMS 0x0000000783c00000, 0x0000000783c00000| Untracked 
|  61|0x0000000783d00000, 0x0000000783d00000, 0x0000000783e00000|  0%| F|  |TAMS 0x0000000783d00000, 0x0000000783d00000| Untracked 
|  62|0x0000000783e00000, 0x0000000783e00000, 0x0000000783f00000|  0%| F|  |TAMS 0x0000000783e00000, 0x0000000783e00000| Untracked 
|  63|0x0000000783f00000, 0x0000000783f00000, 0x0000000784000000|  0%| F|  |TAMS 0x0000000783f00000, 0x0000000783f00000| Untracked 
|  64|0x0000000784000000, 0x0000000784000000, 0x0000000784100000|  0%| F|  |TAMS 0x0000000784000000, 0x0000000784000000| Untracked 
|  65|0x0000000784100000, 0x0000000784100000, 0x0000000784200000|  0%| F|  |TAMS 0x0000000784100000, 0x0000000784100000| Untracked 
|  66|0x0000000784200000, 0x0000000784200000, 0x0000000784300000|  0%| F|  |TAMS 0x0000000784200000, 0x0000000784200000| Untracked 
|  67|0x0000000784300000, 0x0000000784300000, 0x0000000784400000|  0%| F|  |TAMS 0x0000000784300000, 0x0000000784300000| Untracked 
|  68|0x0000000784400000, 0x0000000784400000, 0x0000000784500000|  0%| F|  |TAMS 0x0000000784400000, 0x0000000784400000| Untracked 
|  69|0x0000000784500000, 0x0000000784500000, 0x0000000784600000|  0%| F|  |TAMS 0x0000000784500000, 0x0000000784500000| Untracked 
|  70|0x0000000784600000, 0x0000000784600000, 0x0000000784700000|  0%| F|  |TAMS 0x0000000784600000, 0x0000000784600000| Untracked 
|  71|0x0000000784700000, 0x0000000784700000, 0x0000000784800000|  0%| F|  |TAMS 0x0000000784700000, 0x0000000784700000| Untracked 
|  72|0x0000000784800000, 0x0000000784800000, 0x0000000784900000|  0%| F|  |TAMS 0x0000000784800000, 0x0000000784800000| Untracked 
|  73|0x0000000784900000, 0x0000000784900000, 0x0000000784a00000|  0%| F|  |TAMS 0x0000000784900000, 0x0000000784900000| Untracked 
|  74|0x0000000784a00000, 0x0000000784a00000, 0x0000000784b00000|  0%| F|  |TAMS 0x0000000784a00000, 0x0000000784a00000| Untracked 
|  75|0x0000000784b00000, 0x0000000784b00000, 0x0000000784c00000|  0%| F|  |TAMS 0x0000000784b00000, 0x0000000784b00000| Untracked 
|  76|0x0000000784c00000, 0x0000000784c00000, 0x0000000784d00000|  0%| F|  |TAMS 0x0000000784c00000, 0x0000000784c00000| Untracked 
|  77|0x0000000784d00000, 0x0000000784d00000, 0x0000000784e00000|  0%| F|  |TAMS 0x0000000784d00000, 0x0000000784d00000| Untracked 
|  78|0x0000000784e00000, 0x0000000784e00000, 0x0000000784f00000|  0%| F|  |TAMS 0x0000000784e00000, 0x0000000784e00000| Untracked 
|  79|0x0000000784f00000, 0x0000000784f00000, 0x0000000785000000|  0%| F|  |TAMS 0x0000000784f00000, 0x0000000784f00000| Untracked 
|  80|0x0000000785000000, 0x0000000785000000, 0x0000000785100000|  0%| F|  |TAMS 0x0000000785000000, 0x0000000785000000| Untracked 
|  81|0x0000000785100000, 0x0000000785100000, 0x0000000785200000|  0%| F|  |TAMS 0x0000000785100000, 0x0000000785100000| Untracked 
|  82|0x0000000785200000, 0x0000000785200000, 0x0000000785300000|  0%| F|  |TAMS 0x0000000785200000, 0x0000000785200000| Untracked 
|  83|0x0000000785300000, 0x0000000785300000, 0x0000000785400000|  0%| F|  |TAMS 0x0000000785300000, 0x0000000785300000| Untracked 
|  84|0x0000000785400000, 0x0000000785400000, 0x0000000785500000|  0%| F|  |TAMS 0x0000000785400000, 0x0000000785400000| Untracked 
|  85|0x0000000785500000, 0x0000000785500000, 0x0000000785600000|  0%| F|  |TAMS 0x0000000785500000, 0x0000000785500000| Untracked 
|  86|0x0000000785600000, 0x0000000785600000, 0x0000000785700000|  0%| F|  |TAMS 0x0000000785600000, 0x0000000785600000| Untracked 
|  87|0x0000000785700000, 0x0000000785700000, 0x0000000785800000|  0%| F|  |TAMS 0x0000000785700000, 0x0000000785700000| Untracked 
|  88|0x0000000785800000, 0x0000000785800000, 0x0000000785900000|  0%| F|  |TAMS 0x0000000785800000, 0x0000000785800000| Untracked 
|  89|0x0000000785900000, 0x0000000785900000, 0x0000000785a00000|  0%| F|  |TAMS 0x0000000785900000, 0x0000000785900000| Untracked 
|  90|0x0000000785a00000, 0x0000000785a00000, 0x0000000785b00000|  0%| F|  |TAMS 0x0000000785a00000, 0x0000000785a00000| Untracked 
|  91|0x0000000785b00000, 0x0000000785b00000, 0x0000000785c00000|  0%| F|  |TAMS 0x0000000785b00000, 0x0000000785b00000| Untracked 
|  92|0x0000000785c00000, 0x0000000785c00000, 0x0000000785d00000|  0%| F|  |TAMS 0x0000000785c00000, 0x0000000785c00000| Untracked 
|  93|0x0000000785d00000, 0x0000000785d00000, 0x0000000785e00000|  0%| F|  |TAMS 0x0000000785d00000, 0x0000000785d00000| Untracked 
|  94|0x0000000785e00000, 0x0000000785e00000, 0x0000000785f00000|  0%| F|  |TAMS 0x0000000785e00000, 0x0000000785e00000| Untracked 
|  95|0x0000000785f00000, 0x0000000785f00000, 0x0000000786000000|  0%| F|  |TAMS 0x0000000785f00000, 0x0000000785f00000| Untracked 
|  96|0x0000000786000000, 0x0000000786000000, 0x0000000786100000|  0%| F|  |TAMS 0x0000000786000000, 0x0000000786000000| Untracked 
|  97|0x0000000786100000, 0x0000000786100000, 0x0000000786200000|  0%| F|  |TAMS 0x0000000786100000, 0x0000000786100000| Untracked 
|  98|0x0000000786200000, 0x0000000786200000, 0x0000000786300000|  0%| F|  |TAMS 0x0000000786200000, 0x0000000786200000| Untracked 
|  99|0x0000000786300000, 0x0000000786300000, 0x0000000786400000|  0%| F|  |TAMS 0x0000000786300000, 0x0000000786300000| Untracked 
| 100|0x0000000786400000, 0x0000000786400000, 0x0000000786500000|  0%| F|  |TAMS 0x0000000786400000, 0x0000000786400000| Untracked 
| 101|0x0000000786500000, 0x0000000786500000, 0x0000000786600000|  0%| F|  |TAMS 0x0000000786500000, 0x0000000786500000| Untracked 
| 102|0x0000000786600000, 0x0000000786600000, 0x0000000786700000|  0%| F|  |TAMS 0x0000000786600000, 0x0000000786600000| Untracked 
| 103|0x0000000786700000, 0x0000000786700000, 0x0000000786800000|  0%| F|  |TAMS 0x0000000786700000, 0x0000000786700000| Untracked 
| 104|0x0000000786800000, 0x0000000786800000, 0x0000000786900000|  0%| F|  |TAMS 0x0000000786800000, 0x0000000786800000| Untracked 
| 105|0x0000000786900000, 0x0000000786900000, 0x0000000786a00000|  0%| F|  |TAMS 0x0000000786900000, 0x0000000786900000| Untracked 
| 106|0x0000000786a00000, 0x0000000786a00000, 0x0000000786b00000|  0%| F|  |TAMS 0x0000000786a00000, 0x0000000786a00000| Untracked 
| 107|0x0000000786b00000, 0x0000000786b00000, 0x0000000786c00000|  0%| F|  |TAMS 0x0000000786b00000, 0x0000000786b00000| Untracked 
| 108|0x0000000786c00000, 0x0000000786c00000, 0x0000000786d00000|  0%| F|  |TAMS 0x0000000786c00000, 0x0000000786c00000| Untracked 
| 109|0x0000000786d00000, 0x0000000786d00000, 0x0000000786e00000|  0%| F|  |TAMS 0x0000000786d00000, 0x0000000786d00000| Untracked 
| 110|0x0000000786e00000, 0x0000000786e00000, 0x0000000786f00000|  0%| F|  |TAMS 0x0000000786e00000, 0x0000000786e00000| Untracked 
| 111|0x0000000786f00000, 0x0000000786f00000, 0x0000000787000000|  0%| F|  |TAMS 0x0000000786f00000, 0x0000000786f00000| Untracked 
| 112|0x0000000787000000, 0x0000000787000000, 0x0000000787100000|  0%| F|  |TAMS 0x0000000787000000, 0x0000000787000000| Untracked 
| 113|0x0000000787100000, 0x0000000787100000, 0x0000000787200000|  0%| F|  |TAMS 0x0000000787100000, 0x0000000787100000| Untracked 
| 114|0x0000000787200000, 0x0000000787200000, 0x0000000787300000|  0%| F|  |TAMS 0x0000000787200000, 0x0000000787200000| Untracked 
| 115|0x0000000787300000, 0x0000000787300000, 0x0000000787400000|  0%| F|  |TAMS 0x0000000787300000, 0x0000000787300000| Untracked 
| 116|0x0000000787400000, 0x0000000787400000, 0x0000000787500000|  0%| F|  |TAMS 0x0000000787400000, 0x0000000787400000| Untracked 
| 117|0x0000000787500000, 0x0000000787585a38, 0x0000000787600000| 52%| E|  |TAMS 0x0000000787500000, 0x0000000787500000| Complete 
| 118|0x0000000787600000, 0x0000000787700000, 0x0000000787700000|100%| E|CS|TAMS 0x0000000787600000, 0x0000000787600000| Complete 
| 119|0x0000000787700000, 0x0000000787800000, 0x0000000787800000|100%| E|CS|TAMS 0x0000000787700000, 0x0000000787700000| Complete 
| 120|0x0000000787800000, 0x0000000787900000, 0x0000000787900000|100%| E|CS|TAMS 0x0000000787800000, 0x0000000787800000| Complete 
| 121|0x0000000787900000, 0x0000000787a00000, 0x0000000787a00000|100%| E|CS|TAMS 0x0000000787900000, 0x0000000787900000| Complete 
| 122|0x0000000787a00000, 0x0000000787b00000, 0x0000000787b00000|100%| E|CS|TAMS 0x0000000787a00000, 0x0000000787a00000| Complete 
| 123|0x0000000787b00000, 0x0000000787c00000, 0x0000000787c00000|100%| E|CS|TAMS 0x0000000787b00000, 0x0000000787b00000| Complete 
| 124|0x0000000787c00000, 0x0000000787d00000, 0x0000000787d00000|100%| E|CS|TAMS 0x0000000787c00000, 0x0000000787c00000| Complete 
| 125|0x0000000787d00000, 0x0000000787e00000, 0x0000000787e00000|100%| E|CS|TAMS 0x0000000787d00000, 0x0000000787d00000| Complete 
| 126|0x0000000787e00000, 0x0000000787f00000, 0x0000000787f00000|100%| E|CS|TAMS 0x0000000787e00000, 0x0000000787e00000| Complete 
| 127|0x0000000787f00000, 0x0000000788000000, 0x0000000788000000|100%| E|CS|TAMS 0x0000000787f00000, 0x0000000787f00000| Complete 
|2046|0x00000007ffe00000, 0x00000007ffe76000, 0x00000007fff00000| 46%|OA|  |TAMS 0x00000007ffe00000, 0x00000007ffe00000| Untracked 
|2047|0x00000007fff00000, 0x00000007fff7f000, 0x0000000800000000| 49%|CA|  |TAMS 0x00000007fff00000, 0x00000007fff00000| Untracked 

Card table byte_map: [0x0000000107563000,0x0000000107963000] _byte_map_base: 0x0000000103963000

Marking Bits (Prev, Next): (CMBitMap*) 0x00007fd3a182f810, (CMBitMap*) 0x00007fd3a182f850
 Prev Bits: [0x0000000108f3e000, 0x000000010af3e000)
 Next Bits: [0x000000010af3e000, 0x000000010cf3e000)

Polling page: 0x0000000106e87000

Metaspace:

Usage:
  Non-class:      2.84 MB used.
      Class:    368.85 KB used.
       Both:      3.20 MB used.

Virtual space:
  Non-class space:        8.00 MB reserved,       2.94 MB ( 37%) committed,  1 nodes.
      Class space:        1.00 GB reserved,     448.00 KB ( <1%) committed,  1 nodes.
             Both:        1.01 GB reserved,       3.38 MB ( <1%) committed. 

Chunk freelists:
   Non-Class:  2.86 MB
       Class:  3.55 MB
        Both:  6.41 MB

MaxMetaspaceSize: unlimited
CompressedClassSpaceSize: 1.00 GB
Initial GC threshold: 21.00 MB
Current GC threshold: 21.00 MB
CDS: on
MetaspaceReclaimPolicy: balanced
 - commit_granule_bytes: 65536.
 - commit_granule_words: 8192.
 - virtual_space_node_default_size: 1048576.
 - enlarge_chunks_in_place: 1.
 - new_chunks_are_fully_committed: 0.
 - uncommit_free_chunks: 1.
 - use_allocation_guard: 0.
 - handle_deallocations: 1.


Internal statistics:

num_allocs_failed_limit: 0.
num_arena_births: 74.
num_arena_deaths: 0.
num_vsnodes_births: 2.
num_vsnodes_deaths: 0.
num_space_committed: 54.
num_space_uncommitted: 0.
num_chunks_returned_to_freelist: 0.
num_chunks_taken_from_freelist: 151.
num_chunk_merges: 0.
num_chunk_splits: 97.
num_chunks_enlarged: 65.
num_purges: 0.
num_inconsistent_stats: 0.

CodeHeap 'non-profiled nmethods': size=120032Kb used=208Kb max_used=208Kb free=119823Kb
 bounds [0x000000011e152000, 0x000000011e3c2000, 0x000000012568a000]
CodeHeap 'profiled nmethods': size=120028Kb used=917Kb max_used=917Kb free=119110Kb
 bounds [0x0000000116c1b000, 0x0000000116e8b000, 0x000000011e152000]
CodeHeap 'non-nmethods': size=5700Kb used=1177Kb max_used=1190Kb free=4522Kb
 bounds [0x000000011668a000, 0x00000001168fa000, 0x0000000116c1b000]
 total_blobs=1115 nmethods=637 adapters=392
 compilation: enabled
              stopped_count=0, restarted_count=0
 full_count=0

Compilation events (20 events):
Event: 0.402 Thread 0x00007fd3a2012a00  625       3       java.util.ArrayDeque::pollFirst (36 bytes)
Event: 0.402 Thread 0x00007fd3a2012a00 nmethod 625 0x0000000116cfb010 code [0x0000000116cfb1e0, 0x0000000116cfb5f0]
Event: 0.404 Thread 0x00007fd3a2012a00  626       3       java.lang.invoke.MemberName::getType (19 bytes)
Event: 0.405 Thread 0x00007fd3a2012a00 nmethod 626 0x0000000116cfb790 code [0x0000000116cfb980, 0x0000000116cfbd30]
Event: 0.410 Thread 0x00007fd3a18b0000  627       4       sun.security.provider.MD5::implCompress (13 bytes)
Event: 0.411 Thread 0x00007fd3a18b0000 nmethod 627 0x000000011e185090 code [0x000000011e185220, 0x000000011e185318]
Event: 0.411 Thread 0x00007fd3a2012a00  628       3       sun.security.provider.DigestBase::implCompressMultiBlock0 (23 bytes)
Event: 0.412 Thread 0x00007fd3a2012a00 nmethod 628 0x0000000116cfbe90 code [0x0000000116cfc040, 0x0000000116cfc2e0]
Event: 0.412 Thread 0x00007fd3a2012a00  629       3       java.util.zip.ZipFile$Source::getEntryNext (9 bytes)
Event: 0.413 Thread 0x00007fd3a2012a00 nmethod 629 0x0000000116cfc410 code [0x0000000116cfc5a0, 0x0000000116cfc6d0]
Event: 0.416 Thread 0x00007fd3a2012a00  631       1       java.lang.invoke.InfoFromMemberName::getReferenceKind (5 bytes)
Event: 0.416 Thread 0x00007fd3a2012a00 nmethod 631 0x000000011e185410 code [0x000000011e1855a0, 0x000000011e185670]
Event: 0.416 Thread 0x00007fd3a2012a00  630       3       java.io.FilterInputStream::read (9 bytes)
Event: 0.416 Thread 0x00007fd3a2012a00 nmethod 630 0x0000000116cfc790 code [0x0000000116cfc940, 0x0000000116cfcb20]
Event: 0.483 Thread 0x00007fd3a2012a00  635       3       jdk.internal.org.objectweb.asm.Type::getArgumentsAndReturnSizes (140 bytes)
Event: 0.485 Thread 0x00007fd3a2012a00 nmethod 635 0x0000000116cfcc10 code [0x0000000116cfd020, 0x0000000116cfedb0]
Event: 0.485 Thread 0x00007fd3a2012a00  636       3       jdk.internal.org.objectweb.asm.ByteVector::putByteArray (49 bytes)
Event: 0.485 Thread 0x00007fd3a2012a00 nmethod 636 0x0000000116cff890 code [0x0000000116cffa40, 0x0000000116cffd10]
Event: 0.485 Thread 0x00007fd3a2012a00  634       3       sun.invoke.util.BytecodeDescriptor::unparseSig (49 bytes)
Event: 0.486 Thread 0x00007fd3a2012a00 nmethod 634 0x0000000116cffe10 code [0x0000000116d00040, 0x0000000116d00560]

GC Heap History (0 events):
No events

Deoptimization events (20 events):
Event: 0.187 Thread 0x00007fd3a1809000 DEOPT PACKING pc=0x000000011e1624a8 sp=0x00007000047be290
Event: 0.187 Thread 0x00007fd3a1809000 DEOPT UNPACKING pc=0x00000001166dc099 sp=0x00007000047be258 mode 2
Event: 0.196 Thread 0x00007fd3a1809000 Uncommon trap: trap_request=0xfffffff4 fr.pc=0x000000011e15c150 relative=0x00000000000001b0
Event: 0.196 Thread 0x00007fd3a1809000 Uncommon trap: reason=null_check action=make_not_entrant pc=0x000000011e15c150 method=java.lang.String.equals(Ljava/lang/Object;)Z @ 8 c2
Event: 0.196 Thread 0x00007fd3a1809000 DEOPT PACKING pc=0x000000011e15c150 sp=0x00007000047bd670
Event: 0.196 Thread 0x00007fd3a1809000 DEOPT UNPACKING pc=0x00000001166dc099 sp=0x00007000047bd638 mode 2
Event: 0.225 Thread 0x00007fd3a1809000 DEOPT PACKING pc=0x0000000116c4974b sp=0x00007000047bd440
Event: 0.225 Thread 0x00007fd3a1809000 DEOPT UNPACKING pc=0x00000001166dc82f sp=0x00007000047bc8c0 mode 0
Event: 0.291 Thread 0x00007fd3a0813600 Uncommon trap: trap_request=0xffffff45 fr.pc=0x000000011e15d4ec relative=0x00000000000007ac
Event: 0.291 Thread 0x00007fd3a0813600 Uncommon trap: reason=unstable_if action=reinterpret pc=0x000000011e15d4ec method=java.lang.String.isEmpty()Z @ 5 c2
Event: 0.291 Thread 0x00007fd3a0813600 DEOPT PACKING pc=0x000000011e15d4ec sp=0x0000700005bfcd90
Event: 0.291 Thread 0x00007fd3a0813600 DEOPT UNPACKING pc=0x00000001166dc099 sp=0x0000700005bfccf0 mode 2
Event: 0.301 Thread 0x00007fd3a0813600 Uncommon trap: trap_request=0xffffff45 fr.pc=0x000000011e16bc14 relative=0x0000000000000df4
Event: 0.301 Thread 0x00007fd3a0813600 Uncommon trap: reason=unstable_if action=reinterpret pc=0x000000011e16bc14 method=java.util.HashMap.putVal(ILjava/lang/Object;Ljava/lang/Object;ZZ)Ljava/lang/Object; @ 193 c2
Event: 0.301 Thread 0x00007fd3a0813600 DEOPT PACKING pc=0x000000011e16bc14 sp=0x0000700005bfc9f0
Event: 0.301 Thread 0x00007fd3a0813600 DEOPT UNPACKING pc=0x00000001166dc099 sp=0x0000700005bfc990 mode 2
Event: 0.553 Thread 0x00007fd3a0997200 Uncommon trap: trap_request=0xffffff45 fr.pc=0x000000011e182b80 relative=0x00000000000002c0
Event: 0.553 Thread 0x00007fd3a0997200 Uncommon trap: reason=unstable_if action=reinterpret pc=0x000000011e182b80 method=java.lang.invoke.VarHandle.checkExactAccessMode(Ljava/lang/invoke/VarHandle$AccessDescriptor;)V @ 4 c2
Event: 0.553 Thread 0x00007fd3a0997200 DEOPT PACKING pc=0x000000011e182b80 sp=0x00007ff7b919bb30
Event: 0.553 Thread 0x00007fd3a0997200 DEOPT UNPACKING pc=0x00000001166dc099 sp=0x00007ff7b919baa0 mode 2

Classes unloaded (0 events):
No events

Classes redefined (0 events):
No events

Internal exceptions (8 events):
Event: 0.158 Thread 0x00007fd3a1809000 Exception <a 'java/lang/NoSuchMethodError'{0x0000000787c0d668}: 'void java.lang.invoke.DirectMethodHandle$Holder.invokeVirtual(java.lang.Object, java.lang.Object)'> (0x0000000787c0d668) 
thrown [open/src/hotspot/share/interpreter/linkResolver.cpp, line 766]
Event: 0.196 Thread 0x00007fd3a1809000 Implicit null exception at 0x000000011e15bfd5 to 0x000000011e15c140
Event: 0.205 Thread 0x00007fd3a0813000 Exception <a 'java/lang/NoSuchMethodError'{0x0000000787ccb220}: 'java.lang.Object java.lang.invoke.DirectMethodHandle$Holder.invokeStaticInit(java.lang.Object)'> (0x0000000787ccb220) 
thrown [open/src/hotspot/share/interpreter/linkResolver.cpp, line 766]
Event: 0.209 Thread 0x00007fd3a0813000 Exception <a 'java/lang/ClassNotFoundException'{0x0000000787cd61e8}: jdk/net/ExtendedSocketOptions> (0x0000000787cd61e8) 
thrown [open/src/hotspot/share/classfile/systemDictionary.cpp, line 256]
Event: 0.210 Thread 0x00007fd3a0813000 Exception <a 'java/lang/NoSuchMethodError'{0x0000000787cd7a40}: 'void java.lang.invoke.DirectMethodHandle$Holder.invokeStatic(java.lang.Object, java.lang.Object)'> (0x0000000787cd7a40) 
thrown [open/src/hotspot/share/interpreter/linkResolver.cpp, line 766]
Event: 0.258 Thread 0x00007fd3a1809000 Exception <a 'java/lang/NoSuchMethodError'{0x000000078780fa20}: 'void java.lang.invoke.DirectMethodHandle$Holder.invokeSpecial(java.lang.Object, java.lang.Object, java.lang.Object)'> (0x000000078780fa20) 
thrown [open/src/hotspot/share/interpreter/linkResolver.cpp, line 766]
Event: 0.267 Thread 0x00007fd3a1809000 Exception <a 'java/lang/NoSuchMethodError'{0x000000078784bef8}: 'void java.lang.invoke.DirectMethodHandle$Holder.invokeStatic(java.lang.Object, java.lang.Object, java.lang.Object)'> (0x000000078784bef8) 
thrown [open/src/hotspot/share/interpreter/linkResolver.cpp, line 766]
Event: 0.394 Thread 0x00007fd3a1809000 Exception <a 'java/lang/NoSuchMethodError'{0x0000000787868a10}: 'int java.lang.invoke.DirectMethodHandle$Holder.invokeStaticInit(java.lang.Object, java.lang.Object, java.lang.Object)'> (0x0000000787868a10) 
thrown [open/src/hotspot/share/interpreter/linkResolver.cpp, line 766]

VM Operations (6 events):
Event: 0.180 Executing VM operation: HandshakeAllThreads
Event: 0.180 Executing VM operation: HandshakeAllThreads done
Event: 0.180 Executing VM operation: HandshakeAllThreads
Event: 0.180 Executing VM operation: HandshakeAllThreads done
Event: 0.204 Executing VM operation: HandshakeAllThreads
Event: 0.204 Executing VM operation: HandshakeAllThreads done

Events (20 events):
Event: 0.392 loading class java/util/concurrent/ForkJoinPool$ManagedBlocker done
Event: 0.392 loading class java/util/concurrent/locks/AbstractQueuedSynchronizer$ConditionNode done
Event: 0.405 Loading shared library /Users/daniellawton/.m2/repository/org/openjfx/javafx-graphics/17.0.1/libglass.dylib failed, dlopen(/Users/daniellawton/.m2/repository/org/openjfx/javafx-graphics/17.0.1/libglass.dylib, 0x0001): tried: '/Users/daniellawton/.m2/repos
Event: 0.415 Loaded shared library /Users/daniellawton/.openjfx/cache/17.0.1/libglass.dylib
Event: 0.416 loading class java/util/concurrent/BlockingDeque
Event: 0.416 loading class java/util/concurrent/BlockingDeque done
Event: 0.416 loading class java/util/concurrent/LinkedBlockingDeque
Event: 0.416 loading class java/util/concurrent/LinkedBlockingDeque done
Event: 0.417 Thread 0x00007fd3a0993a00 Thread added: 0x00007fd3a0993a00
Event: 0.417 Protecting memory [0x0000700005c01000,0x0000700005c05000] with protection modes 0
Event: 0.419 Protecting memory [0x00007ff7b89a0000,0x00007ff7b89a4000] with protection modes 0
Event: 0.419 Thread 0x00007fd3a0997200 Thread added: 0x00007fd3a0997200
Event: 0.485 Thread 0x00007fd3a1923600 Thread added: 0x00007fd3a1923600
Event: 0.487 Protecting memory [0x0000700005d04000,0x0000700005d08000] with protection modes 0
Event: 0.547 loading class java/util/concurrent/LinkedBlockingDeque$Node
Event: 0.547 loading class java/util/concurrent/LinkedBlockingDeque$Node done
Event: 0.547 Protecting memory [0x0000700005d04000,0x0000700005d08000] with protection modes 3
Event: 0.547 Thread 0x00007fd3a1923600 Thread exited: 0x00007fd3a1923600
Event: 0.554 loading class java/util/concurrent/FutureTask
Event: 0.554 loading class java/util/concurrent/FutureTask done


Dynamic libraries:
0x0000000106e89000 	/Users/daniellawton/Library/Java/JavaVirtualMachines/openjdk-17.0.2/Contents/Home/lib/libjli.dylib
0x00007ff815704000 	/usr/lib/libz.1.dylib
0x00007ff8157e4000 	/usr/lib/libSystem.B.dylib
0x00007ff8157df000 	/usr/lib/system/libcache.dylib
0x00007ff81579b000 	/usr/lib/system/libcommonCrypto.dylib
0x00007ff8157c4000 	/usr/lib/system/libcompiler_rt.dylib
0x00007ff8157ba000 	/usr/lib/system/libcopyfile.dylib
0x00007ff80a772000 	/usr/lib/system/libcorecrypto.dylib
0x00007ff80a830000 	/usr/lib/system/libdispatch.dylib
0x00007ff80a9f0000 	/usr/lib/system/libdyld.dylib
0x00007ff8157d6000 	/usr/lib/system/libkeymgr.dylib
0x00007ff815779000 	/usr/lib/system/libmacho.dylib
0x00007ff814dfa000 	/usr/lib/system/libquarantine.dylib
0x00007ff8157d4000 	/usr/lib/system/libremovefile.dylib
0x00007ff80f985000 	/usr/lib/system/libsystem_asl.dylib
0x00007ff80a71b000 	/usr/lib/system/libsystem_blocks.dylib
0x00007ff80a8b4000 	/usr/lib/system/libsystem_c.dylib
0x00007ff8157cc000 	/usr/lib/system/libsystem_collections.dylib
0x00007ff8140ae000 	/usr/lib/system/libsystem_configuration.dylib
0x00007ff813357000 	/usr/lib/system/libsystem_containermanager.dylib
0x00007ff8154b1000 	/usr/lib/system/libsystem_coreservices.dylib
0x00007ff80d026000 	/usr/lib/system/libsystem_darwin.dylib
0x00007ff8157d7000 	/usr/lib/system/libsystem_dnssd.dylib
0x00007ff80a8b1000 	/usr/lib/system/libsystem_featureflags.dylib
0x00007ff80aa06000 	/usr/lib/system/libsystem_info.dylib
0x00007ff815717000 	/usr/lib/system/libsystem_m.dylib
0x00007ff80a804000 	/usr/lib/system/libsystem_malloc.dylib
0x00007ff80f920000 	/usr/lib/system/libsystem_networkextension.dylib
0x00007ff80d44c000 	/usr/lib/system/libsystem_notify.dylib
0x00007ff81ba54000 	/usr/lib/system/libsystem_product_info_filter.dylib
0x00007ff8140b2000 	/usr/lib/system/libsystem_sandbox.dylib
0x00007ff8157d1000 	/usr/lib/system/libsystem_secinit.dylib
0x00007ff80a9ac000 	/usr/lib/system/libsystem_kernel.dylib
0x00007ff80a9fc000 	/usr/lib/system/libsystem_platform.dylib
0x00007ff80a9e4000 	/usr/lib/system/libsystem_pthread.dylib
0x00007ff8111d3000 	/usr/lib/system/libsystem_symptoms.dylib
0x00007ff80a759000 	/usr/lib/system/libsystem_trace.dylib
0x00007ff8157a7000 	/usr/lib/system/libunwind.dylib
0x00007ff80a71d000 	/usr/lib/system/libxpc.dylib
0x00007ff80a996000 	/usr/lib/libc++abi.dylib
0x00007ff80a877000 	/usr/lib/libobjc.A.dylib
0x00007ff8157b2000 	/usr/lib/liboah.dylib
0x00007ff80a93d000 	/usr/lib/libc++.1.dylib
0x00007ff821856000 	/System/Library/Frameworks/Cocoa.framework/Versions/A/Cocoa
0x00007ff80d4aa000 	/System/Library/Frameworks/AppKit.framework/Versions/C/AppKit
0x00007ff8109c1000 	/System/Library/Frameworks/CoreData.framework/Versions/A/CoreData
0x00007ff80b8ad000 	/System/Library/Frameworks/Foundation.framework/Versions/C/Foundation
0x00007ff80e33a000 	/System/Library/PrivateFrameworks/UIFoundation.framework/Versions/A/UIFoundation
0x00007ff81b757000 	/System/Library/PrivateFrameworks/RemoteViewServices.framework/Versions/A/RemoteViewServices
0x00007ff813a38000 	/System/Library/PrivateFrameworks/XCTTargetBootstrap.framework/Versions/A/XCTTargetBootstrap
0x00007ff8175ed000 	/System/Library/PrivateFrameworks/InternationalSupport.framework/Versions/A/InternationalSupport
0x00007ff817677000 	/System/Library/PrivateFrameworks/UserActivity.framework/Versions/A/UserActivity
0x00007ff8169cb000 	/usr/lib/libspindump.dylib
0x00007ff80e5c9000 	/System/Library/Frameworks/UniformTypeIdentifiers.framework/Versions/A/UniformTypeIdentifiers
0x00007ff81215c000 	/usr/lib/libapp_launch_measurement.dylib
0x00007ff811393000 	/System/Library/PrivateFrameworks/CoreAnalytics.framework/Versions/A/CoreAnalytics
0x00007ff81215f000 	/System/Library/PrivateFrameworks/CoreAutoLayout.framework/Versions/A/CoreAutoLayout
0x00007ff81338f000 	/System/Library/Frameworks/Metal.framework/Versions/A/Metal
0x00007ff8140be000 	/usr/lib/liblangid.dylib
0x00007ff813a3d000 	/System/Library/PrivateFrameworks/CoreSVG.framework/Versions/A/CoreSVG
0x00007ff80f9b5000 	/System/Library/PrivateFrameworks/SkyLight.framework/Versions/A/SkyLight
0x00007ff80fd54000 	/System/Library/Frameworks/CoreGraphics.framework/Versions/A/CoreGraphics
0x00007ff81be17000 	/System/Library/Frameworks/Accelerate.framework/Versions/A/Accelerate
0x00007ff81644a000 	/System/Library/PrivateFrameworks/IconServices.framework/Versions/A/IconServices
0x00007ff813374000 	/System/Library/Frameworks/IOSurface.framework/Versions/A/IOSurface
0x00007ff8113c1000 	/usr/lib/libDiagnosticMessagesClient.dylib
0x00007ff81f4fa000 	/System/Library/Frameworks/ApplicationServices.framework/Versions/A/ApplicationServices
0x00007ff813a24000 	/System/Library/PrivateFrameworks/DFRFoundation.framework/Versions/A/DFRFoundation
0x00007ff80cd92000 	/usr/lib/libicucore.A.dylib
0x00007ff8183e3000 	/System/Library/Frameworks/AudioToolbox.framework/Versions/A/AudioToolbox
0x00007ff8175f9000 	/System/Library/PrivateFrameworks/DataDetectorsCore.framework/Versions/A/DataDetectorsCore
0x00007ff913af4000 	/System/Library/PrivateFrameworks/TextInput.framework/Versions/A/TextInput
0x00007ff80f938000 	/usr/lib/libMobileGestalt.dylib
0x00007ff813730000 	/System/Library/Frameworks/Carbon.framework/Versions/A/Frameworks/HIToolbox.framework/Versions/A/HIToolbox
0x00007ff811b5e000 	/System/Library/Frameworks/QuartzCore.framework/Versions/A/QuartzCore
0x00007ff80ca37000 	/System/Library/Frameworks/Security.framework/Versions/A/Security
0x00007ff81b78f000 	/System/Library/Frameworks/Carbon.framework/Versions/A/Frameworks/SpeechRecognition.framework/Versions/A/SpeechRecognition
0x00007ff811ebc000 	/System/Library/PrivateFrameworks/CoreUI.framework/Versions/A/CoreUI
0x00007ff80c301000 	/System/Library/Frameworks/CoreAudio.framework/Versions/A/CoreAudio
0x00007ff8114b0000 	/System/Library/Frameworks/DiskArbitration.framework/Versions/A/DiskArbitration
0x00007ff816db9000 	/System/Library/PrivateFrameworks/MultitouchSupport.framework/Versions/A/MultitouchSupport
0x00007ff80f937000 	/usr/lib/libenergytrace.dylib
0x00007ff80d396000 	/System/Library/Frameworks/IOKit.framework/Versions/A/IOKit
0x00007ff81bb7f000 	/System/Library/Frameworks/CoreServices.framework/Versions/A/CoreServices
0x00007ff8120f6000 	/System/Library/PrivateFrameworks/PerformanceAnalysis.framework/Versions/A/PerformanceAnalysis
0x00007ffa237d6000 	/System/Library/Frameworks/OpenGL.framework/Versions/A/OpenGL
0x00007ff814d20000 	/System/Library/PrivateFrameworks/MobileKeyBag.framework/Versions/A/MobileKeyBag
0x00007ff810420000 	/System/Library/Frameworks/ColorSync.framework/Versions/A/ColorSync
0x00007ff80aa31000 	/System/Library/Frameworks/CoreFoundation.framework/Versions/A/CoreFoundation
0x00007ff813cb4000 	/System/Library/Frameworks/CoreImage.framework/Versions/A/CoreImage
0x00007ff80c115000 	/System/Library/Frameworks/CoreText.framework/Versions/A/CoreText
0x00007ff813a6d000 	/System/Library/Frameworks/ImageIO.framework/Versions/A/ImageIO
0x00007ff8157ea000 	/System/Library/PrivateFrameworks/SoftLinking.framework/Versions/A/SoftLinking
0x00007ff8121a7000 	/usr/lib/libxml2.2.dylib
0x00007ff815a6e000 	/usr/lib/libcompression.dylib
0x00007ff817520000 	/System/Library/PrivateFrameworks/TextureIO.framework/Versions/A/TextureIO
0x00007ff81615c000 	/usr/lib/libate.dylib
0x00007ff815f38000 	/usr/lib/liblzma.5.dylib
0x00007ff80b5bf000 	/System/Library/Frameworks/SystemConfiguration.framework/Versions/A/SystemConfiguration
0x00007ff8157e6000 	/usr/lib/libfakelink.dylib
0x00007ff80f490000 	/System/Library/Frameworks/CFNetwork.framework/Versions/A/CFNetwork
0x00007ff815927000 	/usr/lib/libarchive.2.dylib
0x00007ff8140ba000 	/System/Library/PrivateFrameworks/AppleSystemInfo.framework/Versions/A/AppleSystemInfo
0x00007ff814e21000 	/usr/lib/libbsm.0.dylib
0x00007ff80ea9f000 	/usr/lib/libnetwork.dylib
0x00007ff81577f000 	/usr/lib/system/libkxld.dylib
0x00007ff814a54000 	/System/Library/PrivateFrameworks/IOMobileFramebuffer.framework/Versions/A/IOMobileFramebuffer
0x00007ffb231a5000 	/usr/lib/libCoreEntitlements.dylib
0x00007ff815493000 	/System/Library/PrivateFrameworks/AppleFSCompression.framework/Versions/A/AppleFSCompression
0x00007ff814e09000 	/usr/lib/libcoretls.dylib
0x00007ff815f52000 	/usr/lib/libcoretls_cfhelpers.dylib
0x00007ff815a69000 	/usr/lib/libpam.2.dylib
0x00007ff810df2000 	/usr/lib/libsqlite3.dylib
0x00007ff815fc1000 	/usr/lib/libxar.1.dylib
0x00007ff8154a3000 	/usr/lib/libbz2.1.0.dylib
0x00007ff8157eb000 	/usr/lib/libpcap.A.dylib
0x00007ff8111cb000 	/usr/lib/libdns_services.dylib
0x00007ff815a39000 	/usr/lib/libapple_nghttp2.dylib
0x00007ff815825000 	/usr/lib/libiconv.2.dylib
0x00007ff815778000 	/usr/lib/libcharset.1.dylib
0x00007ff81212a000 	/System/Library/Frameworks/CoreServices.framework/Versions/A/Frameworks/FSEvents.framework/Versions/A/FSEvents
0x00007ff80d030000 	/System/Library/Frameworks/CoreServices.framework/Versions/A/Frameworks/CarbonCore.framework/Versions/A/CarbonCore
0x00007ff811414000 	/System/Library/Frameworks/CoreServices.framework/Versions/A/Frameworks/Metadata.framework/Versions/A/Metadata
0x00007ff8154b6000 	/System/Library/Frameworks/CoreServices.framework/Versions/A/Frameworks/OSServices.framework/Versions/A/OSServices
0x00007ff8159ae000 	/System/Library/Frameworks/CoreServices.framework/Versions/A/Frameworks/SearchKit.framework/Versions/A/SearchKit
0x00007ff81115d000 	/System/Library/Frameworks/CoreServices.framework/Versions/A/Frameworks/AE.framework/Versions/A/AE
0x00007ff80af34000 	/System/Library/Frameworks/CoreServices.framework/Versions/A/Frameworks/LaunchServices.framework/Versions/A/LaunchServices
0x00007ff815ee9000 	/System/Library/Frameworks/CoreServices.framework/Versions/A/Frameworks/DictionaryServices.framework/Versions/A/DictionaryServices
0x00007ff812137000 	/System/Library/Frameworks/CoreServices.framework/Versions/A/Frameworks/SharedFileList.framework/Versions/A/SharedFileList
0x00007ff814dfd000 	/usr/lib/libCheckFix.dylib
0x00007ff80f99c000 	/System/Library/PrivateFrameworks/TCC.framework/Versions/A/TCC
0x00007ff8140c0000 	/System/Library/PrivateFrameworks/CoreNLP.framework/Versions/A/CoreNLP
0x00007ff8113c4000 	/System/Library/PrivateFrameworks/MetadataUtilities.framework/Versions/A/MetadataUtilities
0x00007ff80b670000 	/usr/lib/libmecabra.dylib
0x00007ff814e31000 	/usr/lib/libmecab.dylib
0x00007ff80b63b000 	/usr/lib/libCRFSuite.dylib
0x00007ff814e8b000 	/usr/lib/libgermantok.dylib
0x00007ff815a14000 	/usr/lib/libThaiTokenizer.dylib
0x00007ff8114b7000 	/System/Library/Frameworks/Accelerate.framework/Versions/A/Frameworks/vImage.framework/Versions/A/vImage
0x00007ff81bb56000 	/System/Library/Frameworks/Accelerate.framework/Versions/A/Frameworks/vecLib.framework/Versions/A/vecLib
0x00007ff816002000 	/System/Library/Frameworks/Accelerate.framework/Versions/A/Frameworks/vecLib.framework/Versions/A/libvMisc.dylib
0x00007ff81487f000 	/System/Library/Frameworks/Accelerate.framework/Versions/A/Frameworks/vecLib.framework/Versions/A/libvDSP.dylib
0x00007ff80b2af000 	/System/Library/Frameworks/Accelerate.framework/Versions/A/Frameworks/vecLib.framework/Versions/A/libBLAS.dylib
0x00007ff815b4b000 	/System/Library/Frameworks/Accelerate.framework/Versions/A/Frameworks/vecLib.framework/Versions/A/libLAPACK.dylib
0x00007ff814e8e000 	/System/Library/Frameworks/Accelerate.framework/Versions/A/Frameworks/vecLib.framework/Versions/A/libLinearAlgebra.dylib
0x00007ff815a51000 	/System/Library/Frameworks/Accelerate.framework/Versions/A/Frameworks/vecLib.framework/Versions/A/libSparseBLAS.dylib
0x00007ff815b45000 	/System/Library/Frameworks/Accelerate.framework/Versions/A/Frameworks/vecLib.framework/Versions/A/libQuadrature.dylib
0x00007ff8141ab000 	/System/Library/Frameworks/Accelerate.framework/Versions/A/Frameworks/vecLib.framework/Versions/A/libBNNS.dylib
0x00007ff80b549000 	/System/Library/Frameworks/Accelerate.framework/Versions/A/Frameworks/vecLib.framework/Versions/A/libSparse.dylib
0x00007ff8141a4000 	/System/Library/PrivateFrameworks/LinguisticData.framework/Versions/A/LinguisticData
0x00007ff80b4ff000 	/System/Library/PrivateFrameworks/Lexicon.framework/Versions/A/Lexicon
0x00007ff815ffb000 	/usr/lib/libChineseTokenizer.dylib
0x00007ff80bc6a000 	/System/Library/PrivateFrameworks/LanguageModeling.framework/Versions/A/LanguageModeling
0x00007ff815a16000 	/System/Library/PrivateFrameworks/AppleSauce.framework/Versions/A/AppleSauce
0x00007ff814a42000 	/System/Library/PrivateFrameworks/CoreEmoji.framework/Versions/A/CoreEmoji
0x00007ff815916000 	/usr/lib/libcmph.dylib
0x00007ff81210e000 	/System/Library/Frameworks/OpenDirectory.framework/Versions/A/Frameworks/CFOpenDirectory.framework/Versions/A/CFOpenDirectory
0x00007ff812102000 	/System/Library/Frameworks/OpenDirectory.framework/Versions/A/OpenDirectory
0x00007ff815f54000 	/System/Library/PrivateFrameworks/APFS.framework/Versions/A/APFS
0x00007ff814d58000 	/System/Library/Frameworks/SecurityFoundation.framework/Versions/A/SecurityFoundation
0x00007ff815fcf000 	/usr/lib/libutil.dylib
0x00007ff80d35a000 	/System/Library/PrivateFrameworks/CoreServicesStore.framework/Versions/A/CoreServicesStore
0x00007ff815fd3000 	/usr/lib/libxslt.1.dylib
0x00007ff814de5000 	/System/Library/PrivateFrameworks/BackgroundTaskManagement.framework/Versions/A/BackgroundTaskManagement
0x00007ff817440000 	/System/Library/Frameworks/ImageIO.framework/Versions/A/Resources/libRadiance.dylib
0x00007ff817449000 	/System/Library/Frameworks/ImageIO.framework/Versions/A/Resources/libJPEG.dylib
0x00007ff817398000 	/System/Library/Frameworks/ImageIO.framework/Versions/A/Resources/libPng.dylib
0x00007ff8173b9000 	/System/Library/Frameworks/ImageIO.framework/Versions/A/Resources/libTIFF.dylib
0x00007ff8174a9000 	/System/Library/Frameworks/ImageIO.framework/Versions/A/Resources/libGIF.dylib
0x00007ff816cd3000 	/System/Library/Frameworks/ImageIO.framework/Versions/A/Resources/libJP2.dylib
0x00007ff816411000 	/usr/lib/libexpat.1.dylib
0x00007ff816c88000 	/System/Library/PrivateFrameworks/AppleJPEG.framework/Versions/A/AppleJPEG
0x00007ff8135f4000 	/System/Library/PrivateFrameworks/FontServices.framework/libFontParser.dylib
0x00007ff811107000 	/System/Library/PrivateFrameworks/RunningBoardServices.framework/Versions/A/RunningBoardServices
0x00007ff821e11000 	/System/Library/PrivateFrameworks/IOSurfaceAccelerator.framework/Versions/A/IOSurfaceAccelerator
0x00007ff816db5000 	/System/Library/PrivateFrameworks/WatchdogClient.framework/Versions/A/WatchdogClient
0x00007ff80bd58000 	/System/Library/Frameworks/CoreDisplay.framework/Versions/A/CoreDisplay
0x00007ff8134f2000 	/System/Library/Frameworks/CoreMedia.framework/Versions/A/CoreMedia
0x00007ff813386000 	/System/Library/PrivateFrameworks/IOAccelerator.framework/Versions/A/IOAccelerator
0x00007ff81228b000 	/System/Library/Frameworks/CoreVideo.framework/Versions/A/CoreVideo
0x00007ff815a67000 	/System/Library/Frameworks/MetalPerformanceShaders.framework/Versions/A/MetalPerformanceShaders
0x00007ff816df2000 	/System/Library/Frameworks/VideoToolbox.framework/Versions/A/VideoToolbox
0x00007ff811051000 	/System/Library/PrivateFrameworks/BaseBoard.framework/Versions/A/BaseBoard
0x00007ff810dd8000 	/System/Library/PrivateFrameworks/ProtocolBuffer.framework/Versions/A/ProtocolBuffer
0x00007ff817439000 	/System/Library/PrivateFrameworks/GPUWrangler.framework/Versions/A/GPUWrangler
0x00007ff81741d000 	/System/Library/PrivateFrameworks/IOPresentment.framework/Versions/A/IOPresentment
0x00007ff817443000 	/System/Library/PrivateFrameworks/DSExternalDisplay.framework/Versions/A/DSExternalDisplay
0x00007ffa237ca000 	/System/Library/Frameworks/OpenGL.framework/Versions/A/Libraries/libCoreFSCache.dylib
0x00007ffb108a1000 	/System/Library/PrivateFrameworks/GPUCompiler.framework/Versions/31001/Libraries/libGPUCompilerUtils.dylib
0x00007ff8174ae000 	/System/Library/PrivateFrameworks/CMCaptureCore.framework/Versions/A/CMCaptureCore
0x00007ff8169b9000 	/System/Library/PrivateFrameworks/AppServerSupport.framework/Versions/A/AppServerSupport
0x00007ff818c7c000 	/System/Library/PrivateFrameworks/perfdata.framework/Versions/A/perfdata
0x00007ff80be84000 	/System/Library/PrivateFrameworks/AudioToolboxCore.framework/Versions/A/AudioToolboxCore
0x00007ff8134d0000 	/System/Library/PrivateFrameworks/caulk.framework/Versions/A/caulk
0x00007ff81858e000 	/usr/lib/libAudioStatistics.dylib
0x00007ff910282000 	/System/Library/PrivateFrameworks/SystemPolicy.framework/Versions/A/SystemPolicy
0x00007ff8187e9000 	/usr/lib/libSMC.dylib
0x00007ff821709000 	/System/Library/Frameworks/CoreMIDI.framework/Versions/A/CoreMIDI
0x00007ff817367000 	/usr/lib/libAudioToolboxUtility.dylib
0x00007ff90c4ae000 	/System/Library/PrivateFrameworks/OSAServicesClient.framework/Versions/A/OSAServicesClient
0x00007ff818c89000 	/usr/lib/libperfcheck.dylib
0x00007ff910d2f000 	/usr/lib/libmis.dylib
0x00007ffa23825000 	/System/Library/Frameworks/OpenGL.framework/Versions/A/Libraries/libGLU.dylib
0x00007ffa237e9000 	/System/Library/Frameworks/OpenGL.framework/Versions/A/Libraries/libGFXShared.dylib
0x00007ffa239f2000 	/System/Library/Frameworks/OpenGL.framework/Versions/A/Libraries/libGL.dylib
0x00007ffa237f2000 	/System/Library/Frameworks/OpenGL.framework/Versions/A/Libraries/libGLImage.dylib
0x00007ffa237e6000 	/System/Library/Frameworks/OpenGL.framework/Versions/A/Libraries/libCVMSPluginSupport.dylib
0x00007ffa237d1000 	/System/Library/Frameworks/OpenGL.framework/Versions/A/Libraries/libCoreVMClient.dylib
0x00007ff81403c000 	/System/Library/Frameworks/MetalPerformanceShaders.framework/Versions/A/Frameworks/MPSCore.framework/Versions/A/MPSCore
0x00007ff8153fe000 	/System/Library/Frameworks/MetalPerformanceShaders.framework/Versions/A/Frameworks/MPSImage.framework/Versions/A/MPSImage
0x00007ff814ea4000 	/System/Library/Frameworks/MetalPerformanceShaders.framework/Versions/A/Frameworks/MPSNeuralNetwork.framework/Versions/A/MPSNeuralNetwork
0x00007ff815318000 	/System/Library/Frameworks/MetalPerformanceShaders.framework/Versions/A/Frameworks/MPSMatrix.framework/Versions/A/MPSMatrix
0x00007ff8150d3000 	/System/Library/Frameworks/MetalPerformanceShaders.framework/Versions/A/Frameworks/MPSRayIntersector.framework/Versions/A/MPSRayIntersector
0x00007ff815350000 	/System/Library/Frameworks/MetalPerformanceShaders.framework/Versions/A/Frameworks/MPSNDArray.framework/Versions/A/MPSNDArray
0x00007ffa292aa000 	/System/Library/Frameworks/MetalPerformanceShaders.framework/Versions/A/Frameworks/MPSFunctions.framework/Versions/A/MPSFunctions
0x00007ff80b18b000 	/System/Library/PrivateFrameworks/MetalTools.framework/Versions/A/MetalTools
0x00007ff8140b8000 	/System/Library/PrivateFrameworks/AggregateDictionary.framework/Versions/A/AggregateDictionary
0x00007ff8161f3000 	/usr/lib/libIOReport.dylib
0x00007ffa24e01000 	/System/Library/Frameworks/OpenCL.framework/Versions/A/OpenCL
0x00007ff816557000 	/System/Library/PrivateFrameworks/FaceCore.framework/Versions/A/FaceCore
0x00007ff816548000 	/System/Library/PrivateFrameworks/GraphVisualizer.framework/Versions/A/GraphVisualizer
0x00007ffb107ac000 	/System/Library/PrivateFrameworks/FontServices.framework/Versions/A/FontServices
0x00007ff816971000 	/System/Library/PrivateFrameworks/OTSVG.framework/Versions/A/OTSVG
0x00007ff811e71000 	/System/Library/Frameworks/ApplicationServices.framework/Versions/A/Frameworks/ATS.framework/Versions/A/Resources/libFontRegistry.dylib
0x00007ff8169c1000 	/System/Library/PrivateFrameworks/FontServices.framework/libhvf.dylib
0x00007ffb107ad000 	/System/Library/PrivateFrameworks/FontServices.framework/libXTFontStaticRegistryData.dylib
0x00007ff8163c1000 	/System/Library/PrivateFrameworks/AppleVA.framework/Versions/A/AppleVA
0x00007ff8185ae000 	/System/Library/Frameworks/ApplicationServices.framework/Versions/A/Frameworks/ATS.framework/Versions/A/ATS
0x00007ff81051e000 	/System/Library/Frameworks/ApplicationServices.framework/Versions/A/Frameworks/HIServices.framework/Versions/A/HIServices
0x00007ff8174b8000 	/System/Library/Frameworks/ApplicationServices.framework/Versions/A/Frameworks/PrintCore.framework/Versions/A/PrintCore
0x00007ff81893c000 	/System/Library/Frameworks/ApplicationServices.framework/Versions/A/Frameworks/QD.framework/Versions/A/QD
0x00007ff818934000 	/System/Library/Frameworks/ApplicationServices.framework/Versions/A/Frameworks/ColorSyncLegacy.framework/Versions/A/ColorSyncLegacy
0x00007ff81859e000 	/System/Library/Frameworks/ApplicationServices.framework/Versions/A/Frameworks/SpeechSynthesis.framework/Versions/A/SpeechSynthesis
0x00007ff817479000 	/System/Library/Frameworks/ApplicationServices.framework/Versions/A/Frameworks/ATSUI.framework/Versions/A/ATSUI
0x00007ff8188c9000 	/usr/lib/libcups.2.dylib
0x00007ff818c98000 	/System/Library/Frameworks/Kerberos.framework/Versions/A/Kerberos
0x00007ff818ca7000 	/System/Library/Frameworks/GSS.framework/Versions/A/GSS
0x00007ff81861a000 	/usr/lib/libresolv.9.dylib
0x00007ff8169d0000 	/System/Library/PrivateFrameworks/Heimdal.framework/Versions/A/Heimdal
0x00007ff81f88c000 	/System/Library/Frameworks/Kerberos.framework/Versions/A/Libraries/libHeimdalProxy.dylib
0x00007ff8111db000 	/System/Library/Frameworks/Network.framework/Versions/A/Network
0x00007ff81642b000 	/usr/lib/libheimdal-asn1.dylib
0x00007ff818cf2000 	/System/Library/PrivateFrameworks/CommonAuth.framework/Versions/A/CommonAuth
0x00007ff818520000 	/System/Library/PrivateFrameworks/AudioSession.framework/Versions/A/AudioSession
0x00007ff8164bb000 	/System/Library/PrivateFrameworks/MediaExperience.framework/Versions/A/MediaExperience
0x00007ff8183b2000 	/System/Library/PrivateFrameworks/AudioSession.framework/libSessionUtility.dylib
0x00007ff818948000 	/System/Library/PrivateFrameworks/AudioResourceArbitration.framework/Versions/A/AudioResourceArbitration
0x00007ff81c9c9000 	/System/Library/PrivateFrameworks/PowerLog.framework/Versions/A/PowerLog
0x00007ff816434000 	/System/Library/PrivateFrameworks/IconFoundation.framework/Versions/A/IconFoundation
0x00007ff81b77f000 	/System/Library/PrivateFrameworks/SpeechRecognitionCore.framework/Versions/A/SpeechRecognitionCore
0x0000000107eca000 	/Users/daniellawton/Library/Java/JavaVirtualMachines/openjdk-17.0.2/Contents/Home/lib/server/libjvm.dylib
0x0000000106eb8000 	/Users/daniellawton/Library/Java/JavaVirtualMachines/openjdk-17.0.2/Contents/Home/lib/libjimage.dylib
0x0000000106edb000 	/Users/daniellawton/Library/Java/JavaVirtualMachines/openjdk-17.0.2/Contents/Home/lib/libinstrument.dylib
0x0000000106f1d000 	/Users/daniellawton/Library/Java/JavaVirtualMachines/openjdk-17.0.2/Contents/Home/lib/libjava.dylib
0x0000000107da8000 	/Users/daniellawton/Library/Java/JavaVirtualMachines/openjdk-17.0.2/Contents/Home/lib/libnio.dylib
0x0000000107dc4000 	/Users/daniellawton/Library/Java/JavaVirtualMachines/openjdk-17.0.2/Contents/Home/lib/libnet.dylib
0x0000000107de4000 	/Users/daniellawton/Library/Java/JavaVirtualMachines/openjdk-17.0.2/Contents/Home/lib/libzip.dylib
0x0000000107df8000 	/Users/daniellawton/.openjfx/cache/17.0.1/libprism_es2.dylib
0x00007ff80d31c000 	/System/Library/PrivateFrameworks/CoreServicesInternal.framework/Versions/A/CoreServicesInternal
0x00007ffa239fd000 	/System/Library/Frameworks/OpenGL.framework/Versions/A/Resources/GLEngine.bundle/GLEngine
0x00007ffa23863000 	/System/Library/Frameworks/OpenGL.framework/Versions/A/Libraries/libGLProgrammability.dylib
0x00007ffa18879000 	/System/Library/Extensions/AppleIntelKBLGraphicsGLDriver.bundle/Contents/MacOS/AppleIntelKBLGraphicsGLDriver
0x00007ff91aeca000 	/System/Library/PrivateFrameworks/GPUSupport.framework/Versions/A/Libraries/libGPUSupportMercury.dylib
0x00007ffa23b87000 	/System/Library/Frameworks/OpenGL.framework/Versions/A/Resources/GLRendererFloat.bundle/GLRendererFloat
0x000000010e204000 	/Users/daniellawton/.openjfx/cache/17.0.1/libglass.dylib
0x00007ff81cfba000 	/System/Library/Frameworks/FileProvider.framework/Versions/A/FileProvider
0x00007ff810fbe000 	/System/Library/Frameworks/Accounts.framework/Versions/A/Accounts
0x00007ff81d133000 	/System/Library/PrivateFrameworks/GenerationalStorage.framework/Versions/A/GenerationalStorage
0x00007ff81dc43000 	/System/Library/PrivateFrameworks/CoreSymbolication.framework/Versions/A/CoreSymbolication
0x00007ff81c9be000 	/System/Library/PrivateFrameworks/SymptomDiagnosticReporter.framework/Versions/A/SymptomDiagnosticReporter
0x00007ff80e5dd000 	/System/Library/PrivateFrameworks/DesktopServicesPriv.framework/Versions/A/DesktopServicesPriv
0x00007ff80d45b000 	/usr/lib/libsandbox.1.dylib
0x00007ff81230a000 	/System/Library/PrivateFrameworks/UserManagement.framework/Versions/A/UserManagement
0x00007ff81dc08000 	/System/Library/PrivateFrameworks/DebugSymbols.framework/Versions/A/DebugSymbols
0x00007ff818929000 	/System/Library/PrivateFrameworks/NetAuth.framework/Versions/A/NetAuth
0x00007ff819838000 	/System/Library/PrivateFrameworks/Sharing.framework/Versions/A/Sharing
0x00007ff8122dd000 	/System/Library/PrivateFrameworks/login.framework/Versions/A/Frameworks/loginsupport.framework/Versions/A/loginsupport
0x00007ff81eda6000 	/System/Library/PrivateFrameworks/Apple80211.framework/Versions/A/Apple80211
0x00007ff8154e3000 	/System/Library/PrivateFrameworks/AuthKit.framework/Versions/A/AuthKit
0x00007ff814b38000 	/System/Library/PrivateFrameworks/CoreUtils.framework/Versions/A/CoreUtils
0x00007ff814a5f000 	/System/Library/Frameworks/CoreWLAN.framework/Versions/A/CoreWLAN
0x00007ff819997000 	/System/Library/Frameworks/IOBluetooth.framework/Versions/A/IOBluetooth
0x00007ff81ee0e000 	/System/Library/PrivateFrameworks/CoreWiFi.framework/Versions/A/CoreWiFi
0x00007ff81d7dd000 	/System/Library/PrivateFrameworks/FrontBoardServices.framework/Versions/A/FrontBoardServices
0x00007ff81d86e000 	/System/Library/PrivateFrameworks/BoardServices.framework/Versions/A/BoardServices
0x00007ff814d47000 	/System/Library/PrivateFrameworks/AssertionServices.framework/Versions/A/AssertionServices
0x00007ff81ef91000 	/System/Library/PrivateFrameworks/BackBoardServices.framework/Versions/A/BackBoardServices
0x00007ff818d83000 	/System/Library/PrivateFrameworks/CorePhoneNumbers.framework/Versions/A/CorePhoneNumbers
0x00007ff818647000 	/System/Library/PrivateFrameworks/MultiverseSupport.framework/Versions/A/MultiverseSupport
0x00007ff81f205000 	/System/Library/PrivateFrameworks/RemoteServiceDiscovery.framework/Versions/A/RemoteServiceDiscovery
0x00007ff81cadb000 	/System/Library/PrivateFrameworks/DiskManagement.framework/Versions/A/DiskManagement
0x00007ff81c9ef000 	/System/Library/PrivateFrameworks/AppleIDAuthSupport.framework/Versions/A/AppleIDAuthSupport
0x00007ffb0b127000 	/System/Library/PrivateFrameworks/AAAFoundation.framework/Versions/A/AAAFoundation
0x00007ff818d64000 	/System/Library/PrivateFrameworks/KeychainCircle.framework/Versions/A/KeychainCircle
0x00007ff81f215000 	/System/Library/PrivateFrameworks/RemoteXPC.framework/Versions/A/RemoteXPC
0x00007ff81caa7000 	/System/Library/PrivateFrameworks/MediaKit.framework/Versions/A/MediaKit
0x00007ff81c9fb000 	/System/Library/Frameworks/DiscRecording.framework/Versions/A/DiscRecording
0x00007ff816339000 	/usr/lib/libCoreStorage.dylib
0x00007ff81f280000 	/usr/lib/libcsfde.dylib
0x00007ff819a64000 	/System/Library/PrivateFrameworks/ProtectedCloudStorage.framework/Versions/A/ProtectedCloudStorage
0x00007ff81f27c000 	/System/Library/PrivateFrameworks/EFILogin.framework/Versions/A/EFILogin
0x00007ff81d159000 	/System/Library/PrivateFrameworks/OctagonTrust.framework/Versions/A/OctagonTrust
0x00007ffb0fa0f000 	/System/Library/PrivateFrameworks/CoreUtilsExtras.framework/Versions/A/CoreUtilsExtras
0x00007ff81c922000 	/System/Library/Frameworks/CoreBluetooth.framework/Versions/A/CoreBluetooth
0x00007ff81f911000 	/System/Library/Frameworks/AudioUnit.framework/Versions/A/AudioUnit
0x00007ff816331000 	/usr/lib/libMatch.1.dylib
0x00007ff915353000 	/System/Library/Frameworks/Accelerate.framework/Versions/A/Frameworks/vImage.framework/Versions/A/Libraries/libCGInterfaces.dylib
0x000000010ee33000 	/usr/lib/libobjc-trampolines.dylib
0x00007ff812002000 	/System/Library/PrivateFrameworks/ViewBridge.framework/Versions/A/ViewBridge


VM Arguments:
jvm_args: -javaagent:/Applications/IntelliJ IDEA CE.app/Contents/lib/idea_rt.jar=57106:/Applications/IntelliJ IDEA CE.app/Contents/bin -Dfile.encoding=UTF-8 --module-path=/Users/daniellawton/.m2/repository/org/openjfx/javafx-controls/17.0.1/javafx-controls-17.0.1-mac.jar:/Users/daniellawton/.m2/repository/org/openjfx/javafx-fxml/17.0.1/javafx-fxml-17.0.1-mac.jar:/Users/daniellawton/.m2/repository/org/openjfx/javafx-graphics/17.0.1/javafx-graphics-17.0.1-mac.jar:/Users/daniellawton/.m2/repository/org/openjfx/javafx-base/17.0.1/javafx-base-17.0.1-mac.jar:/Users/daniellawton/IdeaProjects/BakerySystem/target/classes -Djdk.module.main=com.example.bakerysystem 
java_command: com.example.bakerysystem/com.example.bakerysystem.Main
java_class_path (initial): /Users/daniellawton/.m2/repository/org/openjfx/javafx-controls/17.0.1/javafx-controls-17.0.1.jar:/Users/daniellawton/.m2/repository/org/openjfx/javafx-graphics/17.0.1/javafx-graphics-17.0.1.jar:/Users/daniellawton/.m2/repository/org/openjfx/javafx-base/17.0.1/javafx-base-17.0.1.jar:/Users/daniellawton/.m2/repository/org/openjfx/javafx-fxml/17.0.1/javafx-fxml-17.0.1.jar
Launcher Type: SUN_STANDARD

[Global flags]
     intx CICompilerCount                          = 3                                         {product} {ergonomic}
     uint ConcGCThreads                            = 1                                         {product} {ergonomic}
     uint G1ConcRefinementThreads                  = 4                                         {product} {ergonomic}
   size_t G1HeapRegionSize                         = 1048576                                   {product} {ergonomic}
    uintx GCDrainStackTargetSize                   = 64                                        {product} {ergonomic}
   size_t InitialHeapSize                          = 134217728                                 {product} {ergonomic}
   size_t MarkStackSize                            = 4194304                                   {product} {ergonomic}
   size_t MaxHeapSize                              = 2147483648                                {product} {ergonomic}
   size_t MaxNewSize                               = 1287651328                                {product} {ergonomic}
   size_t MinHeapDeltaBytes                        = 1048576                                   {product} {ergonomic}
   size_t MinHeapSize                              = 8388608                                   {product} {ergonomic}
    uintx NonNMethodCodeHeapSize                   = 5832780                                {pd product} {ergonomic}
    uintx NonProfiledCodeHeapSize                  = 122912730                              {pd product} {ergonomic}
    uintx ProfiledCodeHeapSize                     = 122912730                              {pd product} {ergonomic}
    uintx ReservedCodeCacheSize                    = 251658240                              {pd product} {ergonomic}
     bool SegmentedCodeCache                       = true                                      {product} {ergonomic}
   size_t SoftMaxHeapSize                          = 2147483648                             {manageable} {ergonomic}
     bool UseCompressedClassPointers               = true                           {product lp64_product} {ergonomic}
     bool UseCompressedOops                        = true                           {product lp64_product} {ergonomic}
     bool UseG1GC                                  = true                                      {product} {ergonomic}
     bool UseNUMA                                  = false                                     {product} {ergonomic}
     bool UseNUMAInterleaving                      = false                                     {product} {ergonomic}

Logging:
Log output configuration:
 #0: stdout all=warning uptime,level,tags
 #1: stderr all=off uptime,level,tags

Environment Variables:
PATH=/usr/local/bin:/usr/bin:/bin:/usr/sbin:/sbin
SHELL=/bin/bash
LC_CTYPE=en_IE.UTF-8

Signal Handlers:
   SIGSEGV: _ZL13crash_handleriP9__siginfoPv in libjvm.dylib, mask=11100110000111110111111111111111, flags=SA_RESTART|SA_SIGINFO
    SIGBUS: _ZL13crash_handleriP9__siginfoPv in libjvm.dylib, mask=11100110000111110111111111111111, flags=SA_RESTART|SA_SIGINFO
    SIGFPE: _ZL13crash_handleriP9__siginfoPv in libjvm.dylib, mask=11100110000111110111111111111111, flags=SA_RESTART|SA_SIGINFO
   SIGPIPE: _ZL17javaSignalHandleriP9__siginfoPv in libjvm.dylib, mask=11100110000111110111111111111111, flags=SA_RESTART|SA_SIGINFO
   SIGXFSZ: _ZL17javaSignalHandleriP9__siginfoPv in libjvm.dylib, mask=11100110000111110111111111111111, flags=SA_RESTART|SA_SIGINFO
    SIGILL: _ZL13crash_handleriP9__siginfoPv in libjvm.dylib, mask=11100110000111110111111111111111, flags=SA_RESTART|SA_SIGINFO
   SIGUSR2: _ZL10SR_handleriP9__siginfoP17__darwin_ucontext in libjvm.dylib, mask=00100000000000000000000000000000, flags=SA_RESTART|SA_SIGINFO
    SIGHUP: _ZL11UserHandleriPvS_ in libjvm.dylib, mask=11100110000111110111111111111111, flags=SA_RESTART|SA_SIGINFO
    SIGINT: _ZL11UserHandleriPvS_ in libjvm.dylib, mask=11100110000111110111111111111111, flags=SA_RESTART|SA_SIGINFO
   SIGTERM: _ZL11UserHandleriPvS_ in libjvm.dylib, mask=11100110000111110111111111111111, flags=SA_RESTART|SA_SIGINFO
   SIGQUIT: _ZL11UserHandleriPvS_ in libjvm.dylib, mask=11100110000111110111111111111111, flags=SA_RESTART|SA_SIGINFO
   SIGTRAP: _ZL13crash_handleriP9__siginfoPv in libjvm.dylib, mask=11100110000111110111111111111111, flags=SA_RESTART|SA_SIGINFO


---------------  S Y S T E M  ---------------

OS:
uname: Darwin 21.6.0 Darwin Kernel Version 21.6.0: Mon Aug 22 20:17:10 PDT 2022; root:xnu-8020.140.49~2/RELEASE_X86_64 x86_64
OS uptime: 11 days 3:04 hours
rlimit (soft/hard): STACK 8192k/65532k , CORE 0k/infinity , NPROC 1392/2088 , NOFILE 10240/infinity , AS infinity/infinity , CPU infinity/infinity , DATA infinity/infinity , FSIZE infinity/infinity , MEMLOCK infinity/infinity , RSS infinity/infinity
load average: 2.12 2.82 2.80

CPU: total 4 (initial active 4) (2 cores per cpu, 2 threads per core) family 6 model 142 stepping 9 microcode 0xf0, cx8, cmov, fxsr, ht, mmx, 3dnowpref, sse, sse2, sse3, ssse3, sse4.1, sse4.2, popcnt, lzcnt, tsc, tscinvbit, avx, avx2, aes, erms, clmul, bmi1, bmi2, rtm, adx, fma, vzeroupper, clflush, clflushopt

Memory: 4k page, physical 8388608k(385684k free), swap 3145728k(1368320k free)

vm_info: OpenJDK 64-Bit Server VM (17.0.2+8-86) for bsd-amd64 JRE (17.0.2+8-86), built on Dec  7 2021 21:47:33 by "mach5one" with clang Apple LLVM 12.0.0 (clang-1200.0.32.29)

END.
